
PLAY [Network Getting Started] *************************************************

TASK [Send a command] **********************************************************
ok: [DC-iWAN-CTR]
ok: [DR-iWAN-CTR]
ok: [DCiWANHUB2]
ok: [DRiWANHUB1]
ok: [DCiWANHUB1]
ok: [DRiWANHUB2]
ok: [IP-DallasSC-RT1]
fatal: [IP-BocaRaton-RT1]: FAILED! => {"ansible_facts": {"discovered_interpreter_python": "/Library/Frameworks/Python.framework/Versions/3.9/bin/python3.9"}, "changed": false, "msg": "command timeout triggered, timeout value is 30 secs.\nSee the timeout setting options in the Network Debug and Troubleshooting Guide."}

TASK [Display command output if any output] ************************************
ok: [DCiWANHUB1] => {
    "output.stdout_lines": [
        [
            "+++++++++++++++++++++++++++++++++++++++++++++++++++++++++++++++++++++++",
            "INFO: Please use \"show license UDI\" to get serial number for licensing.",
            "+++++++++++++++++++++++++++++++++++++++++++++++++++++++++++++++++++++++",
            "",
            "NAME: \"Chassis\", DESCR: \"Cisco ISR4451 Chassis\"",
            "PID: ISR4451-X/K9      , VID: V06  , SN: FJC2048D08W",
            "",
            "NAME: \"Power Supply Module 0\", DESCR: \"450W AC Power Supply for Cisco ISR4450, ISR4350\"",
            "PID: PWR-4450-AC       , VID: V02  , SN: DCA2035X3YG",
            "",
            "NAME: \"Power Supply Module 1\", DESCR: \"450W AC Power Supply for Cisco ISR4450, ISR4350\"",
            "PID: PWR-4450-AC       , VID: V02  , SN: DCA2035X3YB",
            "",
            "NAME: \"Fan Tray\", DESCR: \"Cisco ISR4450, ISR4350 Fan Assembly\"",
            "PID: ACS-4450-FANASSY  , VID:      , SN:            ",
            "",
            "NAME: \"module 0\", DESCR: \"Cisco ISR4451 Built-In NIM controller\"",
            "PID: ISR4451-X/K9      , VID:      , SN:            ",
            "",
            "NAME: \"NIM subslot 0/1\", DESCR: \"NIM SSD Module\"",
            "PID: NIM-SSD           , VID: V01  , SN: FOC204006CA",
            "",
            "NAME: \"subslot 0/1 disk0\", DESCR: \"harddisk\"",
            "PID: TOSHIBA THNSNJ200PCSZ                   , VID: JZET6102, SN:         86HS105PTMBW",
            "",
            "NAME: \"subslot 0/1 disk1\", DESCR: \"harddisk\"",
            "PID: TOSHIBA THNSNJ200PCSZ                   , VID: JZET6102, SN:         86HS105QTMBW",
            "",
            "NAME: \"NIM subslot 0/0\", DESCR: \"Front Panel 4 ports Gigabitethernet Module\"",
            "PID: ISR4451-X-4x1GE   , VID: V01  , SN:            ",
            "",
            "NAME: \"module 1\", DESCR: \"Cisco ISR4451 Built-In SM controller\"",
            "PID: ISR4451-X/K9      , VID:      , SN:            ",
            "",
            "NAME: \"module 2\", DESCR: \"Cisco ISR4451 Built-In SM controller\"",
            "PID: ISR4451-X/K9      , VID:      , SN:            ",
            "",
            "NAME: \"module R0\", DESCR: \"Cisco ISR4451 Route Processor\"",
            "PID: ISR4451-X/K9      , VID: V06  , SN: FOC20418PGN",
            "",
            "NAME: \"module F0\", DESCR: \"Cisco ISR4451 Forwarding Processor\"",
            "PID: ISR4451-X/K9      , VID:      , SN:"
        ]
    ]
}
ok: [DC-iWAN-CTR] => {
    "output.stdout_lines": [
        [
            "NAME: \"Chassis\", DESCR: \"Cisco CSR1000V Chassis\"",
            "PID: CSR1000V          , VID: V00  , SN: 9VEL25720K0",
            "",
            "NAME: \"module R0\", DESCR: \"Cisco CSR1000V Route Processor\"",
            "PID: CSR1000V          , VID: V00  , SN: JAB1303001C",
            "",
            "NAME: \"module F0\", DESCR: \"Cisco CSR1000V Embedded Services Processor\"",
            "PID: CSR1000V          , VID:      , SN:"
        ]
    ]
}
ok: [DCiWANHUB2] => {
    "output.stdout_lines": [
        [
            "+++++++++++++++++++++++++++++++++++++++++++++++++++++++++++++++++++++++",
            "INFO: Please use \"show license UDI\" to get serial number for licensing.",
            "+++++++++++++++++++++++++++++++++++++++++++++++++++++++++++++++++++++++",
            "",
            "NAME: \"Chassis\", DESCR: \"Cisco ISR4451 Chassis\"",
            "PID: ISR4451-X/K9      , VID: V06  , SN: FJC2048D08X",
            "",
            "NAME: \"Power Supply Module 0\", DESCR: \"450W AC Power Supply for Cisco ISR4450, ISR4350\"",
            "PID: PWR-4450-AC       , VID: V02  , SN: DCA2035X3YE",
            "",
            "NAME: \"Power Supply Module 1\", DESCR: \"450W AC Power Supply for Cisco ISR4450, ISR4350\"",
            "PID: PWR-4450-AC       , VID: V02  , SN: DCA2035X3ZW",
            "",
            "NAME: \"Fan Tray\", DESCR: \"Cisco ISR4450, ISR4350 Fan Assembly\"",
            "PID: ACS-4450-FANASSY  , VID:      , SN:            ",
            "",
            "NAME: \"module 0\", DESCR: \"Cisco ISR4451 Built-In NIM controller\"",
            "PID: ISR4451-X/K9      , VID:      , SN:            ",
            "",
            "NAME: \"NIM subslot 0/1\", DESCR: \"NIM SSD Module\"",
            "PID: NIM-SSD           , VID: V01  , SN: FOC204006CZ",
            "",
            "NAME: \"subslot 0/1 disk0\", DESCR: \"harddisk\"",
            "PID: TOSHIBA THNSNJ200PCSZ                   , VID: JZET6102, SN:         86HS1033TMBW",
            "",
            "NAME: \"subslot 0/1 disk1\", DESCR: \"harddisk\"",
            "PID: TOSHIBA THNSNJ200PCSZ                   , VID: JZET6102, SN:         86HS101XTMBW",
            "",
            "NAME: \"NIM subslot 0/0\", DESCR: \"Front Panel 4 ports Gigabitethernet Module\"",
            "PID: ISR4451-X-4x1GE   , VID: V01  , SN:            ",
            "",
            "NAME: \"module 1\", DESCR: \"Cisco ISR4451 Built-In SM controller\"",
            "PID: ISR4451-X/K9      , VID:      , SN:            ",
            "",
            "NAME: \"module 2\", DESCR: \"Cisco ISR4451 Built-In SM controller\"",
            "PID: ISR4451-X/K9      , VID:      , SN:            ",
            "",
            "NAME: \"module R0\", DESCR: \"Cisco ISR4451 Route Processor\"",
            "PID: ISR4451-X/K9      , VID: V06  , SN: FOC20418PKE",
            "",
            "NAME: \"module F0\", DESCR: \"Cisco ISR4451 Forwarding Processor\"",
            "PID: ISR4451-X/K9      , VID:      , SN:"
        ]
    ]
}
ok: [DR-iWAN-CTR] => {
    "output.stdout_lines": [
        [
            "NAME: \"Chassis\", DESCR: \"Cisco CSR1000V Chassis\"",
            "PID: CSR1000V          , VID: V00  , SN: 9MK7LDHV46W",
            "",
            "NAME: \"module R0\", DESCR: \"Cisco CSR1000V Route Processor\"",
            "PID: CSR1000V          , VID: V00  , SN: JAB1303001C",
            "",
            "NAME: \"module F0\", DESCR: \"Cisco CSR1000V Embedded Services Processor\"",
            "PID: CSR1000V          , VID:      , SN:"
        ]
    ]
}
ok: [DRiWANHUB1] => {
    "output.stdout_lines": [
        [
            "+++++++++++++++++++++++++++++++++++++++++++++++++++++++++++++++++++++++",
            "INFO: Please use \"show license UDI\" to get serial number for licensing.",
            "+++++++++++++++++++++++++++++++++++++++++++++++++++++++++++++++++++++++",
            "",
            "NAME: \"Chassis\", DESCR: \"Cisco ISR4451 Chassis\"",
            "PID: ISR4451-X/K9      , VID: V07  , SN: FJC2139D0JW",
            "",
            "NAME: \"Power Supply Module 0\", DESCR: \"450W AC Power Supply for Cisco ISR4450, ISR4350\"",
            "PID: PWR-4450-AC       , VID: V02  , SN: DCA2133X5LM",
            "",
            "NAME: \"Power Supply Module 1\", DESCR: \"450W AC Power Supply for Cisco ISR4450, ISR4350\"",
            "PID: PWR-4450-AC       , VID: V02  , SN: DCA2133X5MC",
            "",
            "NAME: \"Fan Tray\", DESCR: \"Cisco ISR4450, ISR4350 Fan Assembly\"",
            "PID: ACS-4450-FANASSY  , VID:      , SN:            ",
            "",
            "NAME: \"module 0\", DESCR: \"Cisco ISR4451 Built-In NIM controller\"",
            "PID: ISR4451-X/K9      , VID:      , SN:            ",
            "",
            "NAME: \"NIM subslot 0/1\", DESCR: \"NIM SSD Module\"",
            "PID: NIM-SSD           , VID: V02  , SN: FOC21303MYZ",
            "",
            "NAME: \"subslot 0/1 disk0\", DESCR: \"harddisk\"",
            "PID: TOSHIBA THNSN8400PCSE                   , VID: 8EET6102, SN:         77GS10BGTJ0T",
            "",
            "NAME: \"NIM subslot 0/0\", DESCR: \"Front Panel 4 ports Gigabitethernet Module\"",
            "PID: ISR4451-X-4x1GE   , VID: V01  , SN:            ",
            "",
            "NAME: \"module 1\", DESCR: \"Cisco ISR4451 Built-In SM controller\"",
            "PID: ISR4451-X/K9      , VID:      , SN:            ",
            "",
            "NAME: \"module 2\", DESCR: \"Cisco ISR4451 Built-In SM controller\"",
            "PID: ISR4451-X/K9      , VID:      , SN:            ",
            "",
            "NAME: \"module R0\", DESCR: \"Cisco ISR4451 Route Processor\"",
            "PID: ISR4451-X/K9      , VID: V07  , SN: FOC21352FUH",
            "",
            "NAME: \"module F0\", DESCR: \"Cisco ISR4451 Forwarding Processor\"",
            "PID: ISR4451-X/K9      , VID:      , SN:"
        ]
    ]
}
ok: [DRiWANHUB2] => {
    "output.stdout_lines": [
        [
            "+++++++++++++++++++++++++++++++++++++++++++++++++++++++++++++++++++++++",
            "INFO: Please use \"show license UDI\" to get serial number for licensing.",
            "+++++++++++++++++++++++++++++++++++++++++++++++++++++++++++++++++++++++",
            "",
            "NAME: \"Chassis\", DESCR: \"Cisco ISR4451 Chassis\"",
            "PID: ISR4451-X/K9      , VID: V07  , SN: FJC2139D0JV",
            "",
            "NAME: \"Power Supply Module 0\", DESCR: \"450W AC Power Supply for Cisco ISR4450, ISR4350\"",
            "PID: PWR-4450-AC       , VID: V02  , SN: DCA2133X5ME",
            "",
            "NAME: \"Power Supply Module 1\", DESCR: \"450W AC Power Supply for Cisco ISR4450, ISR4350\"",
            "PID: PWR-4450-AC       , VID: V02  , SN: DCA2133X5MG",
            "",
            "NAME: \"Fan Tray\", DESCR: \"Cisco ISR4450, ISR4350 Fan Assembly\"",
            "PID: ACS-4450-FANASSY  , VID:      , SN:            ",
            "",
            "NAME: \"module 0\", DESCR: \"Cisco ISR4451 Built-In NIM controller\"",
            "PID: ISR4451-X/K9      , VID:      , SN:            ",
            "",
            "NAME: \"NIM subslot 0/1\", DESCR: \"NIM SSD Module\"",
            "PID: NIM-SSD           , VID: V02  , SN: FOC21281J2S",
            "",
            "NAME: \"subslot 0/1 disk0\", DESCR: \"harddisk\"",
            "PID: TOSHIBA THNSN8400PCSE                   , VID: 8EET6102, SN:         77GS106YTJ0T",
            "",
            "NAME: \"NIM subslot 0/0\", DESCR: \"Front Panel 4 ports Gigabitethernet Module\"",
            "PID: ISR4451-X-4x1GE   , VID: V01  , SN:            ",
            "",
            "NAME: \"module 1\", DESCR: \"Cisco ISR4451 Built-In SM controller\"",
            "PID: ISR4451-X/K9      , VID:      , SN:            ",
            "",
            "NAME: \"module 2\", DESCR: \"Cisco ISR4451 Built-In SM controller\"",
            "PID: ISR4451-X/K9      , VID:      , SN:            ",
            "",
            "NAME: \"module R0\", DESCR: \"Cisco ISR4451 Route Processor\"",
            "PID: ISR4451-X/K9      , VID: V07  , SN: FOC21355ZG6",
            "",
            "NAME: \"module F0\", DESCR: \"Cisco ISR4451 Forwarding Processor\"",
            "PID: ISR4451-X/K9      , VID:      , SN:"
        ]
    ]
}
ok: [IP-DallasSC-RT1] => {
    "output.stdout_lines": [
        [
            "+++++++++++++++++++++++++++++++++++++++++++++++++++++++++++++++++++++++",
            "INFO: Please use \"show license UDI\" to get serial number for licensing.",
            "+++++++++++++++++++++++++++++++++++++++++++++++++++++++++++++++++++++++",
            "",
            "NAME: \"Chassis\", DESCR: \"Cisco ISR4331 Chassis\"",
            "PID: ISR4331/K9        , VID: V02  , SN: FLM2102W0K6",
            "",
            "NAME: \"Power Supply Module 0\", DESCR: \"250W AC Power Supply for Cisco ISR 4330\"",
            "PID: PWR-4330-AC       , VID: V02  , SN: PST2048N1R1",
            "",
            "NAME: \"Fan Tray\", DESCR: \"Cisco ISR4330 Fan Assembly\"",
            "PID: ACS-4330-FANASSY  , VID:      , SN:            ",
            "",
            "NAME: \"module 0\", DESCR: \"Cisco ISR4331 Built-In NIM controller\"",
            "PID: ISR4331/K9        , VID:      , SN:            ",
            "",
            "NAME: \"NIM subslot 0/5\", DESCR: \"ISR SSD Module\"",
            "PID: ISR-SSD           , VID: V01  , SN:            ",
            "",
            "NAME: \"subslot 0/5 disk0\", DESCR: \"harddisk\"",
            "PID: UBA2RZC200HCE1-FTC-SWD                  , VID: 5.2.4   , SN: 11001509267         ",
            "",
            "NAME: \"NIM subslot 0/0\", DESCR: \"Front Panel 3 ports Gigabitethernet Module\"",
            "PID: ISR4331-3x1GE     , VID: V01  , SN:            ",
            "",
            "NAME: \"subslot 0/0 transceiver 2\", DESCR: \"GE T\"",
            "PID: SFP-GE-T            , VID: V02  , SN: CSC1610282788   ",
            "",
            "NAME: \"module 1\", DESCR: \"Cisco ISR4331 Built-In SM controller\"",
            "PID: ISR4331/K9        , VID:      , SN:            ",
            "",
            "NAME: \"module R0\", DESCR: \"Cisco ISR4331 Route Processor\"",
            "PID: ISR4331/K9        , VID: V02  , SN: FDO20521X7A",
            "",
            "NAME: \"module F0\", DESCR: \"Cisco ISR4331 Forwarding Processor\"",
            "PID: ISR4331/K9        , VID:      , SN:"
        ]
    ]
}

PLAY RECAP *********************************************************************
DC-iWAN-CTR                : ok=2    changed=0    unreachable=0    failed=0    skipped=0    rescued=0    ignored=0   
DCiWANHUB1                 : ok=2    changed=0    unreachable=0    failed=0    skipped=0    rescued=0    ignored=0   
DCiWANHUB2                 : ok=2    changed=0    unreachable=0    failed=0    skipped=0    rescued=0    ignored=0   
DR-iWAN-CTR                : ok=2    changed=0    unreachable=0    failed=0    skipped=0    rescued=0    ignored=0   
DRiWANHUB1                 : ok=2    changed=0    unreachable=0    failed=0    skipped=0    rescued=0    ignored=0   
DRiWANHUB2                 : ok=2    changed=0    unreachable=0    failed=0    skipped=0    rescued=0    ignored=0   
IP-BocaRaton-RT1           : ok=0    changed=0    unreachable=0    failed=1    skipped=0    rescued=0    ignored=0   
IP-DallasSC-RT1            : ok=2    changed=0    unreachable=0    failed=0    skipped=0    rescued=0    ignored=0   

