﻿FARCO-Clearwater#termi
FARCO-Clearwater#terminal le
FARCO-Clearwater#terminal length 0
FARCO-Clearwater#show run 
Building configuration...


Current configuration : 32989 bytes
!
! Last configuration change at 15:42:24 UTC Sat Mar 12 2022 by lairdadmin
! NVRAM config last updated at 15:42:18 UTC Sat Mar 12 2022 by lairdadmin
!
version 16.6
service timestamps debug datetime msec
service timestamps log datetime msec
service password-encryption
platform qfp utilization monitor load 80
no platform punt-keepalive disable-kernel-core
platform hardware throughput level 100000
!
hostname FARCO-Clearwater
!
boot-start-marker
boot system bootflash:isr4300-universalk9.16.06.05.SPA.bin
boot-end-marker
!
!
vrf definition Mgmt-intf
 !
 address-family ipv4
 exit-address-family
 !
 address-family ipv6
 exit-address-family
!
enable password 7 0231036E5B1C010F045F010103
!
ethernet lmi ce
aaa new-model
!
!
!
!
!
!
!
!
aaa session-id common
!
ip vrf IWAN-TRANSPORT-1
 rd 65511:101
!
ip vrf IWAN-TRANSPORT-2
 rd 65511:102
!
!
!
!
ip nbar attribute-map C9009_SC8026
 attribute sub-category tunneling-protocols
 attribute category other
ip nbar attribute-map C9009_SC8022
 attribute category other
 attribute sub-category enterprise-rich-media-content
ip nbar attribute-map C9015_SC8023
 attribute category backup-and-storage
 attribute sub-category file-transfer
ip nbar attribute-map C9013_SC8012
 attribute sub-category enterprise-transactional-apps
 attribute category business-and-productivity-tools
ip nbar attribute-map C9009_SC8008
 attribute sub-category other
 attribute category other
ip nbar attribute-map C9013_SC8011
 attribute sub-category authentication-services
 attribute category business-and-productivity-tools
ip nbar attribute-map C9009_SC8018
 attribute sub-category enterprise-cloud-data-storage
 attribute category other
ip nbar attribute-map C9009_SC8012
 attribute sub-category enterprise-transactional-apps
 attribute category other
ip nbar attribute-map C9013_SC8012_T08
 attribute sub-category enterprise-transactional-apps
 attribute category business-and-productivity-tools
 attribute traffic-class transactional-data
ip nbar attribute-map C9009_SC8028
 attribute category other
 attribute sub-category enterprise-voice-collaboration
ip nbar attribute-map C9009_SC8013
 attribute category other
 attribute sub-category enterprise-media-conferencing
ip nbar attribute-map C9013_SC8021_T03
 attribute category business-and-productivity-tools
 attribute traffic-class multimedia-streaming
 attribute sub-category desktop-virtualization
!
ip nbar custom E1Web http url "http://e1web.nap.local:7777" id 5385 
ip nbar custom E1WebPort transport tcp id 6875
 port 7777 
 direction any


ip nbar custom PShapes-Pkgp327 transport tcp id 58029
 port 1551 
 direction any


ip nbar custom PShapes11i transport tcp id 22430
 port 8030 
 direction any


ip nbar custom Remote-Desktop transport tcp id 26219
 port 3389 
 direction any


!
ip nbar attribute-set gtp-user C9009_SC8026
ip nbar attribute-set flash-video C9009_SC8022
ip nbar attribute-set audio-over-http C9009_SC8022
ip nbar attribute-set shockwave C9009_SC8022
ip nbar attribute-set video-over-http C9009_SC8022
ip nbar attribute-set microsoftds C9015_SC8023
ip nbar attribute-set cifs C9015_SC8023
ip nbar attribute-set tftp C9015_SC8023
ip nbar attribute-set nfs C9015_SC8023
ip nbar attribute-set gsiftp C9015_SC8023
ip nbar attribute-set gridftp C9015_SC8023
ip nbar attribute-set wikipedia C9009_SC8008
ip nbar attribute-set gss-http C9013_SC8011
ip nbar attribute-set amazon-web-services C9009_SC8018
ip nbar attribute-set windows-azure C9009_SC8018
ip nbar attribute-set spdy C9009_SC8012
ip nbar attribute-set web-rtc-video C9009_SC8028
ip nbar attribute-set google-services-media C9009_SC8028
ip nbar attribute-set web-rtc-audio C9009_SC8028
ip nbar attribute-set web-rtc C9009_SC8028
ip nbar attribute-set google-services-video C9009_SC8028
ip nbar attribute-set itunes-media C9009_SC8028
ip nbar attribute-set wifi-calling C9009_SC8026
ip nbar attribute-set https C9009_SC8012
ip nbar attribute-set quic C9009_SC8012
ip nbar attribute-set jabber C9013_SC8012
ip nbar attribute-set ssl C9013_SC8012
ip nbar attribute-set http C9013_SC8012
ip nbar attribute-set ssl-local-net C9013_SC8012
ip nbar attribute-set http-local-net C9013_SC8012
ip nbar attribute-set google-services-audio C9009_SC8013
ip nbar attribute-set E1Web C9013_SC8012_T08
ip nbar attribute-set E1WebPort C9013_SC8012_T08
ip nbar attribute-set PShapes11i C9013_SC8012_T08
ip nbar attribute-set PShapes-Pkgp327 C9013_SC8012_T08
ip nbar attribute-set Remote-Desktop C9013_SC8021_T03
!
ip name-server 172.20.10.41 172.21.10.40
ip domain name NAP.local
ip multicast-routing distributed
ip dhcp excluded-address 192.168.130.1
ip dhcp excluded-address 192.168.130.1 192.168.130.95
ip dhcp excluded-address 192.168.130.201 192.168.130.254
!
ip dhcp pool Data
 network 192.168.130.0 255.255.255.0
 default-router 192.168.130.1 
 domain-name NAP.local
 dns-server 172.20.10.40 172.21.10.40 
!
!
!
!
!
!
!
!
!
!
subscriber templating
! 
! 
! 
! 
!
!
!
parameter-map type regex umbrella-local-domain-regex
 pattern nap.local
 pattern .*nap.*
 pattern wap.insideplastics.com
 pattern calsakplasticsDV.com
 pattern calsakplasticsPY.com
 pattern emplasticPY.com
 pattern emplasticDV.com
!
multilink bundle-name authenticated
!
!
!
domain ONE
 vrf default
  border
   source-interface Loopback47233
   master local
  master branch
   source-interface Loopback47233
   site-prefixes prefix-list SITE-PREFIXES
   hub 10.253.4.3
!
!
key chain WAN-KEY
 key 1
  key-string 7 121A540411045D5679
!
!
crypto pki trustpoint pnplabel
 enrollment pkcs12
 revocation-check none
!
crypto pki trustpoint sdn-network-infra-iwan
 enrollment url http://173.252.189.173:80/ejbca/publicweb/apply/scep/sdnscep
 fqdn FARCO-Clearwater
 subject-name CN=ISR4321/K9_FLM2118V1AM_sdn-network-infra-iwan
 vrf IWAN-TRANSPORT-2
 revocation-check crl
 rsakeypair sdn-network-infra-iwan
 auto-enroll 80 regenerate
!
!
!
crypto pki certificate map CERT-MAP-IWAN-TRANSPORT-1 10
 issuer-name eq cn = sdn-network-infra-ca
 name co sdn-network-infra-iwan
!
crypto pki certificate map CERT-MAP-IWAN-TRANSPORT-2 10
 issuer-name eq cn = sdn-network-infra-ca
 name co sdn-network-infra-iwan
!
crypto pki certificate chain pnplabel
 certificate ca 2106285026503811047963066320740604492773
  308203BE 308202A6 A0030201 02021421 06285026 50381104 79630663 20740604 
  49277330 0D06092A 864886F7 0D01010B 05003081 88312D30 2B060355 04031324 
  35623931 33306166 2D633637 382D3466 62642D62 3632332D 61336430 35316562 
  34653732 310B3009 06035504 06130255 53311330 11060355 0408130A 43616C69 
  666F726E 69613110 300E0603 55040713 0753616E 4A6F7365 31133011 06035504 
  0B130A41 50494345 4D2D5344 4E310E30 0C060355 040A1305 43697363 6F301E17 
  0D313730 31313630 33323134 355A170D 32323031 31353033 32313435 5A305D31 
  14301206 03550403 130B3137 322E3233 2E312E31 30311330 11060355 0408130A 
  43616C69 666F726E 6961310B 30090603 55040613 02555331 0E300C06 0355040A 
  13054369 73636F31 13301106 0355040B 130A4150 4943454D 2D53444E 30820122 
  300D0609 2A864886 F70D0101 01050003 82010F00 3082010A 02820101 00E7AD8E 
  B9CB8811 6DD51EC8 5E2AF7EB FF5CA5C6 5AFE5929 B77A71E6 F33E9B52 26E63DA1 
  CD19E365 A81B5A91 98B69EFB 3151235A 1AA22A7F F3B8A1A0 E74079EA 39DE1FE5 
  1233AF1C B8373851 1C74E25D 1821AF6C D22761AB E612729E 0E6846B6 976F3369 
  3E964533 598DF21C FA3B591E 8D57636B CA130865 851A842D 8D635961 58141574 
  15BDE691 4EB02104 A5A84D6C E1622D79 64BDFCBA 3FCEA290 BFC4D3B0 2B17341E 
  7CAE3DB3 F520C2D8 7AC7864B 8D510CE9 F20749EA 01AC1222 64156DFC ECF216C0 
  125B8893 49D5CD78 CA3EDE07 D1871E41 BC289FA3 5EB02842 4EA7AB10 84AB1C69 
  492442FB D9BF9023 468088C7 A43EDCDD 7BE49C8C 6E6A2886 1C3EDC90 3D020301 
  0001A34A 30483009 0603551D 13040230 00300B06 03551D0F 04040302 05A0301D 
  0603551D 25041630 1406082B 06010505 07030106 082B0601 05050703 02300F06 
  03551D11 04083006 8704AC17 010A300D 06092A86 4886F70D 01010B05 00038201 
  01001B64 C2740A40 6A95D43E A46303FE A264BBF4 0ACD2F57 38ECA73E D37D7EF7 
  EA29D84C 4079301D EE971F2B D14F25DD 132B2878 78F7BE65 B6F620C4 0505E4DD 
  2256F247 E89F237B 96071B74 9BDC8934 64D35FF0 622EC3D7 53CBE3E2 CB1432EA 
  0F1F7A31 602980B0 DCA32D64 AB4CDB65 76CC15EF 80727650 37D3E220 175EED3F 
  F7F53E89 53EF81C2 94079987 B4A81BAF EB8CED6C FF28817E D2E6C555 B218B850 
  06DD68D7 577BA6C2 959DF94F D97B6C01 014C1417 BE3722D6 AB958847 0E161D02 
  21867681 B3C2CBFB 56EB7BEF CDF2DBEC 47B007EF 0D940C37 681C4FC3 B3DA7D62 
  CA8F6830 FD4DB9BB 48F5A3B4 EA0F57CF 5155FCCA 89EED17A 8D47F3E4 FF857D54 
  A5BE
        quit
crypto pki certificate chain sdn-network-infra-iwan
 certificate 343FAB345B8C9EBE
  30820379 30820261 A0030201 02020834 3FAB345B 8C9EBE30 0D06092A 864886F7 
  0D01010D 0500301F 311D301B 06035504 030C1473 646E2D6E 6574776F 726B2D69 
  6E667261 2D636130 1E170D32 32303131 39303431 3334365A 170D3232 31323036 
  31393537 34375A30 59313630 34060355 04030C2D 49535234 3332312F 4B395F46 
  4C4D3231 31385631 414D5F73 646E2D6E 6574776F 726B2D69 6E667261 2D697761 
  6E311F30 1D06092A 864886F7 0D010902 16104641 52434F2D 436C6561 72776174 
  65723082 0122300D 06092A86 4886F70D 01010105 00038201 0F003082 010A0282 
  010100D0 C90915E4 9D60B8B0 2B571CF3 CF716AE2 01E10063 F6553C88 5629CC29 
  02159E76 7EDEF720 C99D2B91 77722EA9 90127ECA ADFF4C73 8D68E0DF 25594E40 
  7EDDBBA2 603169DE 184D0A21 7F37CE7E D644D570 48F44F8E 79E3F52A 7349B16D 
  DEDA201C E89FB4F4 0FECCF9B 53D7C9DB 48D68BBD 8758DCD3 B78C3C2B 53248186 
  7A3EA4C0 FD57F8CB 6E0EC7F7 33EC84B9 44644ED0 D69BB1A5 9AED3430 7A8FB0E4 
  DA4703D8 C72477C5 C65FCFF2 9ECD970A A03E2ACC 28EE81D4 817F2CEB 29C4EA1E 
  3EBA2704 17F93C50 4C4863B6 ECB225EE 1324836B 734A989B 78217D58 EA707583 
  4A614AB0 6C71172E D1AB9A78 C9B8CCAC 33654118 EBF45C10 E411E206 3A74C560 
  E1282B02 03010001 A37F307D 301D0603 551D0E04 16041455 523EC4CB C9C7EB80 
  EF9A9164 D2E1FDB5 7DA85E30 0C060355 1D130101 FF040230 00301F06 03551D23 
  04183016 80149BFB 730D4603 ECD8FCC8 91F6E95B A4F3EBF3 A5FB300E 0603551D 
  0F0101FF 04040302 05E0301D 0603551D 25041630 1406082B 06010505 07030206 
  082B0601 05050703 04300D06 092A8648 86F70D01 010D0500 03820101 00571F88 
  88F885FC 4A26CBCC E3F64786 343F73ED 682FBDA6 C28D5429 53D95BC1 0E4E853E 
  ECC60FFE 6FC67A2C 555AC0F8 550220D2 F9471E99 5E19235A E5A872C0 08532479 
  8039CA16 CFAF0520 9F03B5A9 56E23EDE 8FBB752E BEAE1FAF C6020F84 1FE911FB 
  25E94EF0 11FBFF88 576FD888 AA81FF25 1CA9FD81 F7FA969F B1312D72 08A4109C 
  AE5F6FDF 1646FD4E 65848AE5 7F82EEA5 E6A0EA10 C0F71FFD 9731E227 F7C7F2A4 
  2B0A0044 AC25D552 B03FC65A AA74DF88 5FDBB8FA CF8D4AEC 27E18A69 AD6A7E07 
  1101E85F 2E3484F9 7F72BE5F 267DED72 AC16DE70 9A635DB6 A06EDDA2 F032D705 
  7904B791 A45CA9E5 4369322F A7D086DE 754BAF54 10AEB4C9 98E17B1E F9
        quit
 certificate ca 1E5166B43300756F
  30820323 3082020B A0030201 0202081E 5166B433 00756F30 0D06092A 864886F7 
  0D01010D 0500301F 311D301B 06035504 030C1473 646E2D6E 6574776F 726B2D69 
  6E667261 2D636130 1E170D32 32303131 39303431 3334365A 170D3237 30313138 
  30343133 34365A30 1F311D30 1B060355 04030C14 73646E2D 6E657477 6F726B2D 
  696E6672 612D6361 30820122 300D0609 2A864886 F70D0101 01050003 82010F00 
  3082010A 02820101 00ABCE5E 7E70CA54 D22275FF AC8E65C7 D753B989 339735EE 
  06AA463D 0B9A2F25 0D701BCA 0FDAA947 2A5E0DD8 03F8DF0F 74CF0267 1B2BB29E 
  9876D007 7CB7EBE1 CED74372 A666AA2F 392155BB 8DAAED4B A16DF600 29523716 
  3A2D1602 E9DA77BD A89BE46D A685EC18 FE00A893 B4CD0409 F0723C17 7DDDF8D2 
  32A906AE 47879ED6 7A511039 82BC21D3 C4B88B35 DC2D44A9 6C189D12 BDE7A285 
  2F69FCDF FDF165B5 C46BFAF1 9B5A7160 459C9D1D 75C89150 03E607AC C60404AB 
  DC6F3C63 5288233C 39116C32 F98EA05D 09C169EC 1C69F79B A56114DE D94A42C0 
  65D95334 A9A17C2B 675178DD 13CBC094 24B5584F F519B6C2 71363218 79B13B1D 
  946DCD77 1BA20ED4 DD020301 0001A363 3061301D 0603551D 0E041604 149BFB73 
  0D4603EC D8FCC891 F6E95BA4 F3EBF3A5 FB300F06 03551D13 0101FF04 05300301 
  01FF301F 0603551D 23041830 1680149B FB730D46 03ECD8FC C891F6E9 5BA4F3EB 
  F3A5FB30 0E060355 1D0F0101 FF040403 02018630 0D06092A 864886F7 0D01010D 
  05000382 010100A3 29F5F1CC C81F796D C6DFD558 43133CB7 183F3FE5 5F28BECE 
  BC10B7CC 3FFE19B1 5A8B13B6 442A1FD8 4BF380A7 9AFAAFAC E5632DFF E7601197 
  03CF97A8 232311FE DF7DD8D4 D417AA40 C4F1C7A8 A2F2CEBB D37783EA 386FA6DA 
  9C1A09BB 8DDA0ED6 AD47032C EBEEF89A 4DB2FB80 C87A4401 2847EEE6 B4DA3CB7 
  C5C2D0F2 90EC2A2A B17A8D53 D54172F2 D71BFE68 A10A97DB 6194CCCA 76980850 
  7D6A665C A3F7A2F4 49E120B3 635CA67A 63365D6D 23676EF5 E2BC3449 040CAEEE 
  63CDA1BC FA07D68B 2C425BD6 5162B572 5F8D5C05 DC70D275 44FEC7E0 F3F5CFBE 
  08EC56D1 C1E8ACFF 34E60DD4 ABE080BD D0C75384 904C4D74 C9B72EF1 098C6065 
  55FBC666 677A5D
        quit
!
crypto pki certificate pool
 cabundle nvram:Trustpool17.cer
!
!
performance monitor context IWAN-Context profile application-experience
 exporter destination 172.23.1.15 source Loopback47233 transport udp port 9991 
 traffic-monitor application-response-time class-replace Business-Critical-and-default-tcp-only
 traffic-monitor media class-replace Business-Critical-and-default-udp-only
 traffic-monitor url class-replace Http-class
 traffic-monitor conversation-traffic-stats class-replace Scavenger
!
!
license udi pid ISR4321/K9 sn FDO21102FH6
license accept end user agreement
license boot suite FoundationSuiteK9
diagnostic bootup level minimal
spanning-tree extend system-id
!
!
!
username netvoix privilege 15 secret 5 $1$6nxD$1sq589msWXChGoz6FOTK7/
username lairdadmin privilege 15 password 7 0033143354410528473044560F
!
redundancy
 mode none
!
crypto ikev2 proposal AES/CBC/256 
 encryption aes-cbc-256
 integrity sha512
 group 14
!
crypto ikev2 policy IKEv2-Policy-1 
 match fvrf any
 proposal AES/CBC/256
 proposal default
!
!
crypto ikev2 profile FVRF-IKEv2-IWAN-TRANSPORT-1
 match fvrf IWAN-TRANSPORT-1
 match certificate CERT-MAP-IWAN-TRANSPORT-1
 authentication remote rsa-sig
 authentication local rsa-sig
 pki trustpoint sdn-network-infra-iwan
!
crypto ikev2 profile FVRF-IKEv2-IWAN-TRANSPORT-2
 match fvrf IWAN-TRANSPORT-2
 match certificate CERT-MAP-IWAN-TRANSPORT-2
 authentication remote rsa-sig
 authentication local rsa-sig
 pki trustpoint sdn-network-infra-iwan
!
crypto ikev2 dpd 40 5 on-demand
crypto ikev2 disconnect-revoked-peers
!
!
vlan internal allocation policy ascending
!
track 73 ip sla 118 reachability
!
track 74 ip sla 119 reachability
!
track 100 list boolean or
 object 73
 object 74
!
!
!
class-map type appnav match-any RTSP
 match access-group name RTSP
class-map type appnav match-any AUTOWAAS
 match access-group name AUTOWAAS
class-map match-any prm-iwan8#NET-CTRL-MGMT
 match dscp cs2 
 match dscp cs6 
class-map match-any prm-iwan8#SCAVENGER
 match dscp cs1 
class-map type appnav match-any MAPI
 match protocol mapi
class-map type appnav match-any HTTP
 match access-group name HTTP
class-map match-any prm-iwan8#VOICE
 match dscp ef 
class-map type appnav match-any CIFS
 match access-group name CIFS
class-map match-any business-critical-and-default
 match protocol attribute category inter-process-rpc
 match protocol attribute category industrial-protocols
 match protocol attribute category net-admin
 match protocol attribute category voice-and-video
 match protocol attribute category email
 match protocol attribute category layer3-over-ip
 match protocol attribute category backup-and-storage
 match protocol attribute category epayement
 match protocol attribute category anonymizers
 match protocol attribute category browsing
 match protocol attribute category software-updates
 match protocol attribute category other
 match protocol attribute category business-and-productivity-tools
 match protocol attribute category trojan
 match protocol attribute category file-sharing
 match protocol attribute category database
class-map match-any prm-biz-relevant-cats
 match protocol attribute category file-sharing
 match protocol attribute category browsing
 match protocol attribute category email
 match protocol attribute category business-and-productivity-tools
 match protocol attribute category database
 match protocol attribute category voice-and-video
 match protocol attribute category net-admin
class-map match-any prm-iwan8#CALL-SIGNALING
 match dscp cs3 
class-map match-any prm-biz-irrelevant-cats
 match protocol attribute category instant-messaging
 match protocol attribute category social-networking
 match protocol attribute category consumer-file-sharing
 match protocol attribute category consumer-messaging
 match protocol attribute category consumer-internet
 match protocol attribute category consumer-streaming
 match protocol attribute category gaming
class-map type appnav match-any Citrix-CGP
 match access-group name Citrix-CGP
class-map type appnav match-any EPMAP
 match access-group name EPMAP
class-map type appnav match-any HTTPS
 match access-group name HTTPS
class-map type appnav match-any SN_OR_WCM
 match access-group name SN_OR_WCM
class-map type appnav match-any NFS
 match access-group name NFS
class-map type appnav match-any Citrix-ICA
 match access-group name Citrix-ICA
class-map match-any Scavenger
 match protocol attribute category social-networking
 match protocol attribute category gaming
 match protocol attribute category consumer-internet
 match protocol attribute category consumer-messaging
 match protocol attribute category consumer-streaming
 match protocol attribute category consumer-file-sharing
 match protocol attribute category instant-messaging
class-map match-any prm-iwan8#STREAMING-VIDEO
 match dscp af31 
 match dscp af32 
 match dscp af33 
 match dscp cs5 
class-map match-any Http-class
 match protocol http
class-map match-any prm-iwan8#INTERACTIVE-VIDEO
 match dscp af41 
 match dscp af42 
 match dscp af43 
 match dscp cs4 
class-map match-any prm-iwan8#CRITICAL-DATA
 match dscp af11 
 match dscp af13 
 match dscp af21 
 match dscp af23 
class-map match-all prm-nbar-12-cls#BROADCAST-VIDEO
 match protocol attribute traffic-class broadcast-video
 match class-map prm-biz-relevant-cats
class-map match-all prm-nbar-12-cls#BULK-DATA
 match protocol attribute traffic-class bulk-data
 match class-map prm-biz-relevant-cats
class-map match-all prm-nbar-12-cls#INTERACTIVE-VIDEO
 match protocol attribute traffic-class real-time-interactive
 match class-map prm-biz-relevant-cats
class-map match-all prm-nbar-12-cls#NETWORK-CONTROL
 match protocol attribute traffic-class network-control
 match class-map prm-biz-relevant-cats
class-map match-all prm-nbar-12-cls#MULTIMEDIA-CONFERENCING
 match protocol attribute traffic-class multimedia-conferencing
 match class-map prm-biz-relevant-cats
class-map match-all Business-Critical-and-default-tcp-only
 match class-map business-critical-and-default
 match access-group name business-critical-and-default-tcp-only
class-map match-all Business-Critical-and-default-udp-only
 match class-map business-critical-and-default
 match access-group name business-critical-and-default-udp-only
class-map match-all prm-nbar-12-cls#VOICE
 match protocol attribute traffic-class voip-telephony
 match class-map prm-biz-relevant-cats
class-map match-all prm-nbar-12-cls#SCAVENGER
 match class-map prm-biz-irrelevant-cats
class-map match-all prm-nbar-12-cls#SIGNALING
 match protocol attribute traffic-class signaling
 match class-map prm-biz-relevant-cats
class-map match-all prm-nbar-12-cls#NETWORK-MANAGEMENT
 match protocol attribute traffic-class ops-admin-mgmt
 match class-map prm-biz-relevant-cats
class-map match-all prm-nbar-12-cls#TRANSACTIONAL-DATA
 match protocol attribute traffic-class transactional-data
 match class-map prm-biz-relevant-cats
class-map match-all prm-nbar-12-cls#MULTIMEDIA-STREAMING
 match protocol attribute traffic-class multimedia-streaming
 match class-map prm-biz-relevant-cats
!
policy-map prm-dscp#iwan-8-id1
 class prm-iwan8#VOICE
  priority level 1
  police cir percent 10
 class prm-iwan8#STREAMING-VIDEO
  bandwidth remaining percent 10 
  random-detect dscp-based
 class prm-iwan8#CALL-SIGNALING
  bandwidth remaining percent 4 
 class prm-iwan8#NET-CTRL-MGMT
  bandwidth remaining percent 5 
 class prm-iwan8#INTERACTIVE-VIDEO
  bandwidth remaining percent 30 
  random-detect dscp-based
 class prm-iwan8#CRITICAL-DATA
  bandwidth remaining percent 25 
  random-detect dscp-based
 class prm-iwan8#SCAVENGER
  bandwidth remaining percent 1 
 class class-default
  bandwidth remaining percent 25 
  random-detect dscp-based
policy-map prm-dscp#iwan-8-id1#shape#1.5
 class class-default
  shape average 1500000   
   service-policy prm-dscp#iwan-8-id1
policy-map prm-dscp#iwan-8-id0
 class prm-iwan8#VOICE
  priority level 1
  police cir percent 10
 class prm-iwan8#STREAMING-VIDEO
  bandwidth remaining percent 10 
  random-detect dscp-based
 class prm-iwan8#CALL-SIGNALING
  bandwidth remaining percent 4 
 class prm-iwan8#NET-CTRL-MGMT
  bandwidth remaining percent 5 
 class prm-iwan8#INTERACTIVE-VIDEO
  bandwidth remaining percent 30 
  random-detect dscp-based
 class prm-iwan8#CRITICAL-DATA
  bandwidth remaining percent 25 
  random-detect dscp-based
 class prm-iwan8#SCAVENGER
  bandwidth remaining percent 1 
 class class-default
  bandwidth remaining percent 25 
  random-detect dscp-based
policy-map prm-dscp#iwan-8-id0#shape#10.0
 class class-default
  shape average 10000000   
   service-policy prm-dscp#iwan-8-id0
policy-map type appnav AUTOWAAS
 description AUTOWAAS global policy
 class SN_OR_WCM
  pass-through
 class HTTP
  distribute service-node-group AUTOWAAS-SNG
  monitor-load http
 class MAPI
  distribute service-node-group AUTOWAAS-SNG
  monitor-load mapi
 class HTTPS
  distribute service-node-group AUTOWAAS-SNG
  monitor-load ssl
 class CIFS
  distribute service-node-group AUTOWAAS-SNG
  monitor-load cifs
 class Citrix-ICA
  distribute service-node-group AUTOWAAS-SNG
  monitor-load ica
 class Citrix-CGP
  distribute service-node-group AUTOWAAS-SNG
  monitor-load ica
 class EPMAP
  distribute service-node-group AUTOWAAS-SNG
  monitor-load MS-port-mapper
 class NFS
  distribute service-node-group AUTOWAAS-SNG
  monitor-load nfs
 class AUTOWAAS
  distribute service-node-group AUTOWAAS-SNG
policy-map prm-nbar-12-cls
 class prm-nbar-12-cls#VOICE
  set dscp ef
 class prm-nbar-12-cls#BROADCAST-VIDEO
  set dscp cs5
 class prm-nbar-12-cls#INTERACTIVE-VIDEO
  set dscp cs4
 class prm-nbar-12-cls#MULTIMEDIA-CONFERENCING
  set dscp af41
 class prm-nbar-12-cls#MULTIMEDIA-STREAMING
  set dscp af31
 class prm-nbar-12-cls#SIGNALING
  set dscp cs3
 class prm-nbar-12-cls#NETWORK-CONTROL
  set dscp cs6
 class prm-nbar-12-cls#NETWORK-MANAGEMENT
  set dscp cs2
 class prm-nbar-12-cls#TRANSACTIONAL-DATA
  set dscp af21
 class prm-nbar-12-cls#BULK-DATA
  set dscp af11
 class prm-nbar-12-cls#SCAVENGER
  set dscp cs1
 class class-default
!
! 
!
!
!
!
!
crypto isakmp keepalive 30 5
!
crypto ipsec security-association replay window-size 1024
!
crypto ipsec transform-set AES256/SHA/TRANSPORT esp-aes 256 esp-sha-hmac 
 mode transport
!
crypto ipsec profile DMVPN-PROFILE-TRANSPORT-1
 set transform-set AES256/SHA/TRANSPORT 
 set ikev2-profile FVRF-IKEv2-IWAN-TRANSPORT-1
!
crypto ipsec profile DMVPN-PROFILE-TRANSPORT-2
 set transform-set AES256/SHA/TRANSPORT 
 set ikev2-profile FVRF-IKEv2-IWAN-TRANSPORT-2
!
!
!
!
!
!
!
service-insertion service-node-group AUTOWAAS-SNG
  description "AUTOWAAS"
  service-node 192.168.130.2
  node-discovery enable
! 
service-insertion appnav-controller-group AUTOWAAS-SCG
  description "AUTOWAAS"
  appnav-controller 192.168.130.1
! 
service-insertion service-context waas/1
  appnav-controller-group AUTOWAAS-SCG
  service-node-group AUTOWAAS-SNG
  service-policy AUTOWAAS
  vrf default
  enable
! 
! 
!
!
interface Loopback47233
 ip address 10.253.8.15 255.255.255.255
 ip pim sparse-mode
 hold-queue 1024 in
 hold-queue 1024 out
!
interface Tunnel10
 bandwidth 1500
 ip address 10.253.0.15 255.255.254.0
 no ip redirects
 ip mtu 1400
 ip pim dr-priority 0
 ip pim nbma-mode
 ip pim sparse-mode
 ip nhrp authentication cisco123
 ip nhrp network-id 102
 ip nhrp nhs 10.253.0.1 nbma 74.205.252.81 multicast
 ip nhrp nhs 10.253.0.46 nbma 207.243.253.44 multicast
 ip tcp adjust-mss 1360
 delay 1000
 nhrp group prm-1.5Mbps
 no nhrp route-watch
 tunnel source GigabitEthernet0/0/1
 tunnel mode gre multipoint
 tunnel key 102
 tunnel vrf IWAN-TRANSPORT-2
 tunnel protection ipsec profile DMVPN-PROFILE-TRANSPORT-2
 service-insertion waas
!
interface Tunnel11
 bandwidth 10000
 ip address 10.253.2.16 255.255.254.0
 no ip redirects
 ip mtu 1400
 ip pim dr-priority 0
 ip pim nbma-mode
 ip pim sparse-mode
 ip nhrp authentication cisco123
 ip nhrp network-id 101
 ip nhrp nhs 10.253.2.1 nbma 173.252.189.171 multicast
 ip nhrp nhs 10.253.2.127 nbma 173.95.8.22 multicast
 ip tcp adjust-mss 1360
 delay 2000
 nhrp group prm-100Mbps
 no nhrp route-watch
 tunnel source GigabitEthernet0/0/0
 tunnel mode gre multipoint
 tunnel key 101
 tunnel vrf IWAN-TRANSPORT-1
 tunnel protection ipsec profile DMVPN-PROFILE-TRANSPORT-1
 service-insertion waas
!
interface VirtualPortGroup31
 ip unnumbered Vlan1
 no mop enabled
 no mop sysid
!
interface GigabitEthernet0/0/0
 bandwidth 10000
 ip vrf forwarding IWAN-TRANSPORT-1
 ip address 107.144.101.170 255.255.255.248
 ip nat outside
 ip policy route-map INET-INTERNAL
 negotiation auto
 no cdp enable
 service-insertion waas
 service-policy output prm-dscp#iwan-8-id0#shape#10.0
!
interface GigabitEthernet0/0/1
 bandwidth 1500
 ip vrf forwarding IWAN-TRANSPORT-2
 ip address 198.77.227.46 255.255.255.0
 ip nat outside
 ip policy route-map INET-INTERNAL
 negotiation auto
 no cdp enable
 service-insertion waas
 service-policy output prm-dscp#iwan-8-id1#shape#1.5
!
interface GigabitEthernet0/1/0
 switchport mode trunk
!
interface GigabitEthernet0/1/1
!
interface GigabitEthernet0/1/2
!
interface GigabitEthernet0/1/3
!
interface GigabitEthernet0
 vrf forwarding Mgmt-intf
 no ip address
 shutdown
 negotiation auto
!
interface Vlan1
 description Data
 ip address 192.168.130.1 255.255.255.0
 ip nat inside
 ip pim sparse-mode
 performance monitor context IWAN-Context 
 service-policy input prm-nbar-12-cls
!
interface AppNav-Compress1
 ip unnumbered Vlan1
 no keepalive
!
interface AppNav-UnCompress1
 ip unnumbered Vlan1
 no keepalive
!
!
router eigrp IWAN-EIGRP
 !
 address-family ipv4 unicast autonomous-system 400
  !
  af-interface default
   passive-interface
  exit-af-interface
  !
  af-interface Tunnel10
   authentication mode md5
   authentication key-chain WAN-KEY
   hello-interval 20
   hold-time 60
   no passive-interface
   stub-site wan-interface
  exit-af-interface
  !
  af-interface Tunnel11
   authentication mode md5
   authentication key-chain WAN-KEY
   hello-interval 20
   hold-time 60
   no passive-interface
   stub-site wan-interface
  exit-af-interface
  !
  topology base
   maximum-secondary-paths 20
   distribute-list route-map DMVPN2-BR-IN in Tunnel10
   distribute-list route-map DMVPN1-BR-IN in Tunnel11
  exit-af-topology
  network 10.253.0.0 0.0.1.255
  network 10.253.2.0 0.0.1.255
  network 10.253.8.15 0.0.0.0
  network 192.168.130.0
  eigrp router-id 10.253.8.15
  eigrp stub-site 1:5
 exit-address-family
!
!
virtual-service AUTOWAAS
 profile ISR-WAAS-200
 vnic gateway VirtualPortGroup31
  guest ip address 192.168.130.2
 activate
!
ip nat inside source route-map ISP-A interface GigabitEthernet0/0/0 overload
ip nat inside source route-map ISP-B interface GigabitEthernet0/0/1 overload
ip forward-protocol nd
no ip http server
no ip http secure-server
ip tftp source-interface GigabitEthernet0
ip route 0.0.0.0 0.0.0.0 GigabitEthernet0/0/0 107.144.101.169 10
ip route 0.0.0.0 0.0.0.0 GigabitEthernet0/0/1 198.77.227.1 15
ip route 192.168.130.2 255.255.255.255 VirtualPortGroup31
ip route vrf IWAN-TRANSPORT-1 0.0.0.0 0.0.0.0 107.144.101.169
ip route vrf IWAN-TRANSPORT-2 0.0.0.0 0.0.0.0 198.77.227.1
ip pim autorp listener
ip pim register-source Loopback47233
!
ip ssh source-interface Loopback47233
ip ssh version 2
!
!
ip prefix-list SITE-PREFIXES seq 5 permit 192.168.130.0/24
!
ip access-list standard SNMP_ACL
 permit 173.252.189.173
 permit 173.252.189.164
 permit 173.95.8.19
 permit 172.20.0.0 0.0.255.255
 permit 172.21.0.0 0.0.255.255
 permit 172.17.0.0 0.0.255.255
 permit 162.255.136.224 0.0.0.31
 permit 172.23.0.0 0.0.255.255
ip access-list standard SSH_IN
 permit 12.35.51.5
 permit 173.252.189.173
 permit 173.252.189.164
 permit 173.95.8.19
 permit 172.20.0.0 0.0.255.255
 permit 172.21.0.0 0.0.255.255
 permit 172.17.0.0 0.0.255.255
 permit 162.255.136.224 0.0.0.31
 permit 172.23.0.0 0.0.255.255
 permit 192.168.0.0 0.0.255.255
 permit 172.26.0.0 0.0.255.255
 permit 10.254.88.0 0.0.3.255
 permit 10.254.92.0 0.0.3.254
!
ip access-list extended ACL-INET-PUBLIC
 permit udp any any eq non500-isakmp
 permit udp any any eq isakmp
 permit esp any any
 permit udp any any eq bootpc
 permit icmp any any echo
 permit icmp any any echo-reply
 permit ip host 173.252.189.173 any
ip access-list extended AUTOWAAS
 permit tcp any any
ip access-list extended CIFS
 permit tcp any any eq 139
 permit tcp any any eq 445
ip access-list extended Citrix-CGP
 permit tcp any any eq 2598
ip access-list extended Citrix-ICA
 permit tcp any any eq 1494
ip access-list extended EPMAP
 permit tcp any any eq msrpc
ip access-list extended HTTP
 permit tcp any any eq www
 permit tcp any any eq 3218
 permit tcp any any eq 8000
 permit tcp any any eq 8080
 permit tcp any any eq 8088
ip access-list extended HTTPS
 permit tcp any any eq 443
ip access-list extended INTERNAL-NETS
 permit ip any 192.168.130.0 0.0.0.255
ip access-list extended NAT
 permit ip 192.168.130.0 0.0.0.255 any
ip access-list extended NFS
 permit tcp any any eq 2049
ip access-list extended RTSP
 permit tcp any any eq 554
 permit tcp any any eq 8554
ip access-list extended SN_OR_WCM
 permit tcp host 192.168.130.2 any
 permit tcp any host 192.168.130.2
 permit tcp host 172.23.1.18 any
 permit tcp any host 172.23.1.18
ip access-list extended business-critical-and-default-tcp-only
 permit tcp any any
ip access-list extended business-critical-and-default-udp-only
 permit udp any any
ip access-list extended cws_whitelist
 permit ip any 10.0.0.0 0.255.255.255
 permit ip any 172.16.0.0 0.15.255.255
 permit ip any 192.168.0.0 0.0.255.255
ip sla 118
 dns d.root-servers.net name-server 199.7.91.13
 vrf IWAN-TRANSPORT-1
 threshold 1000
 timeout 3000
 frequency 15
ip sla schedule 118 life forever start-time now
ip sla 119
 dns b.root-servers.net name-server 192.228.79.201
 vrf IWAN-TRANSPORT-1
 threshold 1000
 timeout 3000
 frequency 15
ip sla schedule 119 life forever start-time now
no service-routing capabilities-manager
logging host 172.23.1.15
logging host 172.23.1.17
logging host 172.23.1.16
access-list 80 permit 192.168.130.0 0.0.0.255
!
!
route-map ISP-B permit 10 
 match ip address NAT
 match interface GigabitEthernet0/0/1
!
route-map ISP-A permit 10 
 match ip address NAT
 match interface GigabitEthernet0/0/0
!
route-map INET-INTERNAL permit 10 
 description Return routing for Local Internet Access
 match ip address INTERNAL-NETS
 set global
!
route-map DMVPN2-BR-IN permit 5 
 match tag 201
 set metric +4000000000
!
route-map DMVPN2-BR-IN permit 10 
!
route-map DMVPN1-BR-IN permit 5 
 match tag 101
 set metric +4000000000
!
route-map DMVPN1-BR-IN permit 10 
!
snmp-server community lppbisnmp-ro RO SNMP_ACL
snmp-server community lppbisnmp-rw RW SNMP_ACL
snmp-server community lppbisnmp RO
snmp-server trap-source Loopback47233
snmp-server enable traps pki
snmp-server host 172.23.1.15 lppbisnmp-ro 
snmp-server host 172.23.1.16 lppbisnmp-ro 
snmp-server host 172.23.1.17 lppbisnmp-ro 
snmp-server host 172.23.1.15 lppbisnmp-rw 
snmp ifmib ifindex persist
!
!
!
!
control-plane
!
!
line con 0
 transport input none
 stopbits 1
line aux 0
 stopbits 1
line vty 0 4
 access-class SSH_IN in vrf-also
 exec-timeout 90 0
 privilege level 15
 logging synchronous
 transport input ssh
 transport output ssh
line vty 5 15
 access-class SSH_IN in vrf-also
 exec-timeout 90 0
 privilege level 15
 logging synchronous
 transport input ssh
 transport output ssh
!
ntp source Loopback47233
ntp server 172.23.1.10
ntp server 172.23.1.11
ntp server 172.23.1.12
ntp server 173.252.189.173
!
!
!
!
event manager applet DISABLE-IWAN-DIA-DEFAULT
 description ISP Black hole Detection - IPSLA DNS
 event track 100 state down
 action 1  cli command "enable"
 action 2  cli command "configure terminal"
 action 3  cli command "no ip route 0.0.0.0 0.0.0.0 GigabitEthernet0/0/0 107.144.101.169 10"
 action 4  cli command "end"
 action 99 syslog msg "IWAN DIA DEFAULT IP ROUTE via GIG0/0/0 DISABLED"
event manager applet ENABLE-IWAN-DIA-DEFAULT
 description ISP Black hole Detection - IPSLA DNS
 event track 100 state up
 action 1  cli command "enable"
 action 2  cli command "configure terminal"
 action 3  cli command "ip route 0.0.0.0 0.0.0.0 GigabitEthernet0/0/0 107.144.101.169 10"
 action 4  cli command "end"
 action 99 syslog msg "IWAN DIA DEFAULT IP ROUTE via GIG0/0/0 ENABLED"
!
!
!
pnp profile IWAN-PNP-PROFILE
 transport https ipv4 173.252.189.173 port 443
end

