﻿POLY-CharlotteSC#term
POLY-CharlotteSC#terminal le
POLY-CharlotteSC#terminal length 0
POLY-CharlotteSC#show run 
Building configuration...


Current configuration : 43350 bytes
!
! Last configuration change at 15:42:19 UTC Sat Mar 12 2022 by lairdadmin
! NVRAM config last updated at 15:42:12 UTC Sat Mar 12 2022 by lairdadmin
!
version 16.6
no service pad
service tcp-keepalives-in
service tcp-keepalives-out
service timestamps debug datetime msec
service timestamps log datetime msec
service password-encryption
platform qfp utilization monitor load 80
no platform punt-keepalive disable-kernel-core
platform hardware throughput level 300000
!
hostname POLY-CharlotteSC
!
boot-start-marker
boot system bootflash:isr4300-universalk9.16.06.05.SPA.bin
boot-end-marker
!
!
vrf definition Mgmt-intf
 !
 address-family ipv4
 exit-address-family
 !
 address-family ipv6
 exit-address-family
!
enable password 7 012401310B110821695D46111F
!
ethernet lmi ce
aaa new-model
!
!
aaa group server radius Microsoft-NPSs
 server name MS-NPS1
 server name MS-NPS2
 ip radius source-interface Loopback47233
!
aaa authentication login LOGIN-AUTH-VTY group Microsoft-NPSs enable
aaa authentication login LOGIN-AUTH-NONE none
aaa authentication enable default enable
aaa authentication dot1x default group Microsoft-NPSs
aaa authorization network default group Microsoft-NPSs 
aaa accounting update newinfo periodic 2880
aaa accounting dot1x default start-stop group Microsoft-NPSs
aaa accounting exec default start-stop group radius
aaa accounting system default start-stop group Microsoft-NPSs
!
!
!
!
!
aaa server radius dynamic-author
 client 172.20.10.42 server-key 7 151D1B35360701270C6463660B
 client 172.21.10.41 server-key 7 1106093C253F210F207D7D6030
!
aaa session-id common
!
ip vrf IWAN-TRANSPORT-1
 rd 65511:101
!
ip vrf IWAN-TRANSPORT-2
 rd 65511:102
!
!
!
!
ip nbar attribute-map C9013_SC8012_T08
 attribute sub-category enterprise-transactional-apps
 attribute category business-and-productivity-tools
 attribute traffic-class transactional-data
ip nbar attribute-map C9013_SC8021_T03
 attribute category business-and-productivity-tools
 attribute traffic-class multimedia-streaming
 attribute sub-category desktop-virtualization
!
ip nbar custom E1Web http url "http://e1web.nap.local:7777" id 5385 
ip nbar custom E1WebPort transport tcp id 6875
 port 7777 
 direction any


ip nbar custom PShapes-Pkgp327 transport tcp id 58029
 port 1551 
 direction any


ip nbar custom PShapes11i transport tcp id 22430
 port 8030 
 direction any


ip nbar custom Remote-Desktop transport tcp id 26219
 port 3389 
 direction any


!
ip nbar attribute-set E1Web C9013_SC8012_T08
ip nbar attribute-set E1WebPort C9013_SC8012_T08
ip nbar attribute-set PShapes11i C9013_SC8012_T08
ip nbar attribute-set PShapes-Pkgp327 C9013_SC8012_T08
ip nbar attribute-set Remote-Desktop C9013_SC8021_T03
!
ip name-server 172.20.10.41 172.21.10.40
ip name-server vrf IWAN-TRANSPORT-1 208.67.220.220
ip domain name NAP.local
ip multicast-routing distributed
ip dhcp excluded-address 172.26.103.1
ip dhcp excluded-address 172.26.102.1
ip dhcp excluded-address 172.26.103.129
ip dhcp excluded-address 172.26.102.129
ip dhcp excluded-address 172.26.102.75 172.26.102.80
ip dhcp excluded-address 172.26.102.1 172.26.102.39
!
ip dhcp pool Wireless
 network 172.26.103.0 255.255.255.128
 default-router 172.26.103.1 
 domain-name NAP.local
 dns-server 172.20.10.40 172.21.10.40 
!
ip dhcp pool Data
 network 172.26.102.0 255.255.255.128
 default-router 172.26.102.1 
 domain-name NAP.local
 dns-server 172.20.10.40 172.21.10.40 
!
ip dhcp pool Guest
 network 172.26.103.128 255.255.255.128
 default-router 172.26.103.129 
 domain-name guest.com
 dns-server 208.67.222.222 208.67.220.220 
!
ip dhcp pool Voice & Video
 network 172.26.102.128 255.255.255.128
 default-router 172.26.102.129 
 domain-name NAP.local
 option 150 ip 172.20.40.10 172.20.40.11 172.21.40.10 
 dns-server 172.20.10.40 172.21.10.40 
!
!
!
!
!
!
!
!
!
!
subscriber templating
! 
! 
! 
! 
!
!
!

parameter-map type inspect global
 log dropped-packets
parameter-map type regex umbrella-local-domain-regex
 pattern nap.local
 pattern .*nap.*
 pattern wap.insideplastics.com
 pattern calsakplasticsDV.com
 pattern calsakplasticsPY.com
 pattern emplasticPY.com
 pattern emplasticDV.com
!
parameter-map type umbrella global
 token 30323BAC2C46EB95B43AE3F6A20A6D470025EE20
 local-domain umbrella-local-domain-regex
 dnscrypt
 udp-timeout 5
!
multilink bundle-name authenticated
!
flow record LIVEACTION-FLOWRECORD
 description DO NOT MODIFY. USED BY LIVEACTION.
 match flow direction
 match interface input
 match ipv4 destination address
 match ipv4 protocol
 match ipv4 source address
 match ipv4 tos
 match transport destination-port
 match transport source-port
 collect application name
 collect counter bytes
 collect counter packets
 collect flow sampler
 collect interface output
 collect ipv4 destination mask
 collect ipv4 dscp
 collect ipv4 id
 collect ipv4 source mask
 collect ipv4 source prefix
 collect routing destination as
 collect routing next-hop address ipv4
 collect routing source as
 collect timestamp sys-uptime first
 collect timestamp sys-uptime last
 collect transport tcp flags
!
!
flow record type performance-monitor LIVEACTION-FLOWRECORD-AVC
 description DO NOT MODIFY. USED BY LIVEACTION.
 match application name account-on-resolution
 match connection client ipv4 address
 match connection server ipv4 address
 match connection server transport port
 match ipv4 protocol
 match routing vrf input
 collect application http host
 collect connection client counter bytes long
 collect connection client counter bytes network long
 collect connection client counter packets long
 collect connection client counter packets retransmitted
 collect connection delay application sum
 collect connection delay network client-to-server sum
 collect connection delay network to-client sum
 collect connection delay network to-server sum
 collect connection delay response client-to-server sum
 collect connection delay response to-server histogram late
 collect connection delay response to-server sum
 collect connection initiator
 collect connection new-connections
 collect connection server counter bytes long
 collect connection server counter bytes network long
 collect connection server counter packets long
 collect connection server counter responses
 collect connection sum-duration
 collect connection transaction counter complete
 collect connection transaction duration max
 collect connection transaction duration min
 collect connection transaction duration sum
 collect interface input
 collect interface output
 collect ipv4 destination address
 collect ipv4 dscp
 collect ipv4 source address
 collect ipv4 ttl
!
!
flow record type performance-monitor LIVEACTION-FLOWRECORD-MEDIANET
 description DO NOT MODIFY. USED BY LIVEACTION.
 match flow direction
 match ipv4 destination address
 match ipv4 protocol
 match ipv4 source address
 match transport destination-port
 match transport rtp ssrc
 match transport source-port
 collect application media bytes counter
 collect application media bytes rate
 collect application media event
 collect application media packets counter
 collect application media packets rate
 collect application name
 collect counter bytes
 collect counter bytes rate
 collect counter packets
 collect interface input
 collect interface output
 collect ipv4 dscp
 collect ipv4 ttl
 collect monitor event
 collect routing forwarding-status
 collect timestamp interval
 collect transport event packet-loss counter
 collect transport packets expected counter
 collect transport packets lost counter
 collect transport packets lost rate
 collect transport rtp jitter maximum
 collect transport rtp jitter mean
 collect transport rtp jitter minimum
!
!
flow exporter LIVEACTION-FLOWEXPORTER-IPFIX
 description DO NOT MODIFY. USED BY LIVEACTION.
 destination 172.23.1.90
 transport udp 2055
 export-protocol ipfix
 template data timeout 60
 option interface-table
 option vrf-table
 option sampler-table
 option application-table
 option application-attributes
 option c3pl-class-table
 option c3pl-policy-table
!
!
flow monitor type performance-monitor LIVEACTION-FLOWMONITOR-AVC
 description DO NOT MODIFY. USED BY LIVEACTION.
 record LIVEACTION-FLOWRECORD-AVC
 exporter LIVEACTION-FLOWEXPORTER-IPFIX
 cache entries 6500
!
!
flow monitor type performance-monitor LIVEACTION-FLOWMONITOR-MEDIANET
 description DO NOT MODIFY. USED BY LIVEACTION.
 record LIVEACTION-FLOWRECORD-MEDIANET
 exporter LIVEACTION-FLOWEXPORTER-IPFIX
!
!
flow monitor LIVEACTION-FLOWMONITOR
 description DO NOT MODIFY. USED BY LIVEACTION.
 exporter LIVEACTION-FLOWEXPORTER-IPFIX
 cache timeout inactive 10
 cache timeout active 60
 record LIVEACTION-FLOWRECORD
!
!
!
!
domain ONE
 vrf default
  border
   source-interface Loopback47233
   master local
  master branch
   source-interface Loopback47233
   site-prefixes prefix-list SITE-PREFIXES
   hub 10.253.4.3
!
!
key chain WAN-KEY
 key 1
  key-string 7 011057175804575D72
!
!
crypto pki trustpoint TP-self-signed-1174782943
 enrollment selfsigned
 subject-name cn=IOS-Self-Signed-Certificate-1174782943
 revocation-check none
 rsakeypair TP-self-signed-1174782943
!
crypto pki trustpoint pnplabel
 enrollment pkcs12
 revocation-check none
!
crypto pki trustpoint sdn-network-infra-iwan
 enrollment url http://173.252.189.173:80/ejbca/publicweb/apply/scep/sdnscep
 fqdn POLY-CharlotteSC
 subject-name CN=ISR4331/K9_FLM2151V1M9_sdn-network-infra-iwan
 vrf IWAN-TRANSPORT-1
 revocation-check crl
 rsakeypair sdn-network-infra-iwan
 auto-enroll 80 regenerate
!
!
!
crypto pki certificate map CERT-MAP-IWAN-TRANSPORT-2 10
 issuer-name eq cn = sdn-network-infra-ca
 name co sdn-network-infra-iwan
!
crypto pki certificate map CERT-MAP-IWAN-TRANSPORT-1 10
 issuer-name eq cn = sdn-network-infra-ca
 name co sdn-network-infra-iwan
!
crypto pki certificate chain TP-self-signed-1174782943
 certificate self-signed 01
  30820330 30820218 A0030201 02020101 300D0609 2A864886 F70D0101 05050030 
  31312F30 2D060355 04031326 494F532D 53656C66 2D536967 6E65642D 43657274 
  69666963 6174652D 31313734 37383239 3433301E 170D3139 30353039 32303038 
  32315A17 0D323030 31303130 30303030 305A3031 312F302D 06035504 03132649 
  4F532D53 656C662D 5369676E 65642D43 65727469 66696361 74652D31 31373437 
  38323934 33308201 22300D06 092A8648 86F70D01 01010500 0382010F 00308201 
  0A028201 0100AE5E 78D92431 81B10076 129B92BD C0C309E9 20F290A7 7A4BC7A9 
  DE50941A 1A65EDDF F3FDD029 12C276DD AD08B01C 4F3B0655 BB98E159 F290E671 
  5E874875 14A8F8E1 B5309B77 F475081B 9EDF4C45 6FD8CE64 3DBFD058 A29A3302 
  894F894D 82405047 49B0C456 0F248FFD 361E2119 3026838E 4A090910 1CE9B1E8 
  546E67D3 638F2EB8 DD3979EA C59022A2 3E4F4E86 EA67A74C 4FA498A8 C24F88F6 
  8BC754AC 609185CD 2C31792B 7643C4A8 CC0B119C 38E62714 AAC65FCF FBF54897 
  3FB8C475 973466EC B04C723C CDD99A2B BAB73FE2 8126AF0E B2E76146 C09E6D3D 
  D1F86E9D EC52F195 A350F5F6 2DD28F67 953643AC 776F7A96 ACF7643F 0FBA9072 
  8CE1C0F4 4CA50203 010001A3 53305130 0F060355 1D130101 FF040530 030101FF 
  301F0603 551D2304 18301680 142B3701 03C0E839 B88786C3 E2B55118 B06ABC01 
  A6301D06 03551D0E 04160414 2B370103 C0E839B8 8786C3E2 B55118B0 6ABC01A6 
  300D0609 2A864886 F70D0101 05050003 82010100 9C1B4215 53F69C58 EDA39BB5 
  549B6816 CE1839D3 C4CE6B66 DE6D4A0B 31DC038A 4F66430B B04F57E6 B327DA27 
  1221AC3F 9CB2E20E F18D2362 2EAB07AE D6080608 ADA81D70 DCC902E5 EA410524 
  DE01362A 8578090C 7C0D35BA CF8D2884 26EA7927 E78D5193 A2B01FD0 674E13B0 
  C71D2D7E 5F11523C FB8880CC 075B9523 DA1E63EF 59BB7D2D 02F6613F F5BF8397 
  47E08002 9430382A 658974A2 3EE0E3E5 EECFD629 113ED157 26ED1A78 325F4761 
  F8CAEFB1 9488540D 26DD5950 543B052B 028606B5 093558E1 2935955B 5C5E6778 
  FDF8BD97 A785BAB2 0346AC85 233E1B07 0DA2B18B F504A5F9 AF943139 7E8BCDD7 
  25D57029 EFF04D2D 746F5379 38FA512D 3232ABA9
        quit
crypto pki certificate chain pnplabel
 certificate ca 2106285026503811047963066320740604492773
  308203BE 308202A6 A0030201 02021421 06285026 50381104 79630663 20740604 
  49277330 0D06092A 864886F7 0D01010B 05003081 88312D30 2B060355 04031324 
  35623931 33306166 2D633637 382D3466 62642D62 3632332D 61336430 35316562 
  34653732 310B3009 06035504 06130255 53311330 11060355 0408130A 43616C69 
  666F726E 69613110 300E0603 55040713 0753616E 4A6F7365 31133011 06035504 
  0B130A41 50494345 4D2D5344 4E310E30 0C060355 040A1305 43697363 6F301E17 
  0D313730 31313630 33323134 355A170D 32323031 31353033 32313435 5A305D31 
  14301206 03550403 130B3137 322E3233 2E312E31 30311330 11060355 0408130A 
  43616C69 666F726E 6961310B 30090603 55040613 02555331 0E300C06 0355040A 
  13054369 73636F31 13301106 0355040B 130A4150 4943454D 2D53444E 30820122 
  300D0609 2A864886 F70D0101 01050003 82010F00 3082010A 02820101 00E7AD8E 
  B9CB8811 6DD51EC8 5E2AF7EB FF5CA5C6 5AFE5929 B77A71E6 F33E9B52 26E63DA1 
  CD19E365 A81B5A91 98B69EFB 3151235A 1AA22A7F F3B8A1A0 E74079EA 39DE1FE5 
  1233AF1C B8373851 1C74E25D 1821AF6C D22761AB E612729E 0E6846B6 976F3369 
  3E964533 598DF21C FA3B591E 8D57636B CA130865 851A842D 8D635961 58141574 
  15BDE691 4EB02104 A5A84D6C E1622D79 64BDFCBA 3FCEA290 BFC4D3B0 2B17341E 
  7CAE3DB3 F520C2D8 7AC7864B 8D510CE9 F20749EA 01AC1222 64156DFC ECF216C0 
  125B8893 49D5CD78 CA3EDE07 D1871E41 BC289FA3 5EB02842 4EA7AB10 84AB1C69 
  492442FB D9BF9023 468088C7 A43EDCDD 7BE49C8C 6E6A2886 1C3EDC90 3D020301 
  0001A34A 30483009 0603551D 13040230 00300B06 03551D0F 04040302 05A0301D 
  0603551D 25041630 1406082B 06010505 07030106 082B0601 05050703 02300F06 
  03551D11 04083006 8704AC17 010A300D 06092A86 4886F70D 01010B05 00038201 
  01001B64 C2740A40 6A95D43E A46303FE A264BBF4 0ACD2F57 38ECA73E D37D7EF7 
  EA29D84C 4079301D EE971F2B D14F25DD 132B2878 78F7BE65 B6F620C4 0505E4DD 
  2256F247 E89F237B 96071B74 9BDC8934 64D35FF0 622EC3D7 53CBE3E2 CB1432EA 
  0F1F7A31 602980B0 DCA32D64 AB4CDB65 76CC15EF 80727650 37D3E220 175EED3F 
  F7F53E89 53EF81C2 94079987 B4A81BAF EB8CED6C FF28817E D2E6C555 B218B850 
  06DD68D7 577BA6C2 959DF94F D97B6C01 014C1417 BE3722D6 AB958847 0E161D02 
  21867681 B3C2CBFB 56EB7BEF CDF2DBEC 47B007EF 0D940C37 681C4FC3 B3DA7D62 
  CA8F6830 FD4DB9BB 48F5A3B4 EA0F57CF 5155FCCA 89EED17A 8D47F3E4 FF857D54 
  A5BE
        quit
crypto pki certificate chain sdn-network-infra-iwan
 certificate 68094E80D33BA7BD
  30820379 30820261 A0030201 02020868 094E80D3 3BA7BD30 0D06092A 864886F7 
  0D01010D 0500301F 311D301B 06035504 030C1473 646E2D6E 6574776F 726B2D69 
  6E667261 2D636130 1E170D32 32303131 39303431 3334365A 170D3232 31323238 
  30383235 34365A30 59313630 34060355 04030C2D 49535234 3333312F 4B395F46 
  4C4D3231 35315631 4D395F73 646E2D6E 6574776F 726B2D69 6E667261 2D697761 
  6E311F30 1D06092A 864886F7 0D010902 1610504F 4C592D43 6861726C 6F747465 
  53433082 0122300D 06092A86 4886F70D 01010105 00038201 0F003082 010A0282 
  010100CA 86D9821E B265EB91 087EC819 70E6AE1E 659D274F F033ACDE D1C95E44 
  57E95613 43D417E1 50222F09 0F0DFBC3 30CE6723 1362FF4E 870F389F A282D664 
  F1C3BB75 6F63D3E6 34513943 FE3CA050 5401DEE4 14C1ACDC 172FCCE6 46CD6B5E 
  6D03B262 A4C79FCA DCF936B2 83B780DE 59370D9C 673DD414 34731E9D 6A4209DE 
  F5826724 5FD280E0 229F13EA 16EDBD34 9266A79B 7777327A 0F54FE79 41015D9E 
  8700F2AC 6AFEB296 7167B8E4 E81F4F8C 74EEF3FC 5A3B0CE3 2E5C9752 268186B7 
  2F382AC1 93C00CC0 EA474959 9B64916C 284D90A2 E6B6AE1B 1E3B0238 A53E5FAA 
  405EC219 32B159D0 AD468859 5D088C62 A9D3E5D1 321E7DB0 8390482D D1174B6F 
  5DC79302 03010001 A37F307D 301D0603 551D0E04 160414AA 5D263A4E 491C8369 
  AC9AF4F0 5288F952 D53D6930 0C060355 1D130101 FF040230 00301F06 03551D23 
  04183016 80149BFB 730D4603 ECD8FCC8 91F6E95B A4F3EBF3 A5FB300E 0603551D 
  0F0101FF 04040302 05E0301D 0603551D 25041630 1406082B 06010505 07030206 
  082B0601 05050703 04300D06 092A8648 86F70D01 010D0500 03820101 0080F3CD 
  BAAA7B12 0655B0AD A66D657D EDDB659B 35AE326B B99B768B 8A73ECC0 F4A770DC 
  8A76F60E 4C467092 98380B3C 14171E36 36AE917A 91F3E4EE 45D059A0 96C08EEC 
  64E8E7F6 9D868571 DFE4714C 9A1BF9B0 66664DC9 F9BA769E 90A8EAD3 D5811391 
  AFA55763 0B54B8BA 87D533CC 90ACAC6C C90EFC71 95017A7B 06A6DE30 3AC3BD04 
  60D18770 A31956F4 DA2D00D2 D4805936 BEAEF10F A09390A8 826B9715 D2A2999E 
  EBFD3921 F03E8C90 1533BD4A 4D1BFA21 A43E40B0 262B4AC5 62331938 4513B215 
  20BA5A0E A8B40392 8BCCD13A 60B52BB0 98BC6D26 C068B935 80D1834A AC71D53E 
  5F35F05E 36CBDF23 06199019 01916B04 C986DFF8 2D58CE2E FB57C97E 49
        quit
 certificate ca 1E5166B43300756F
  30820323 3082020B A0030201 0202081E 5166B433 00756F30 0D06092A 864886F7 
  0D01010D 0500301F 311D301B 06035504 030C1473 646E2D6E 6574776F 726B2D69 
  6E667261 2D636130 1E170D32 32303131 39303431 3334365A 170D3237 30313138 
  30343133 34365A30 1F311D30 1B060355 04030C14 73646E2D 6E657477 6F726B2D 
  696E6672 612D6361 30820122 300D0609 2A864886 F70D0101 01050003 82010F00 
  3082010A 02820101 00ABCE5E 7E70CA54 D22275FF AC8E65C7 D753B989 339735EE 
  06AA463D 0B9A2F25 0D701BCA 0FDAA947 2A5E0DD8 03F8DF0F 74CF0267 1B2BB29E 
  9876D007 7CB7EBE1 CED74372 A666AA2F 392155BB 8DAAED4B A16DF600 29523716 
  3A2D1602 E9DA77BD A89BE46D A685EC18 FE00A893 B4CD0409 F0723C17 7DDDF8D2 
  32A906AE 47879ED6 7A511039 82BC21D3 C4B88B35 DC2D44A9 6C189D12 BDE7A285 
  2F69FCDF FDF165B5 C46BFAF1 9B5A7160 459C9D1D 75C89150 03E607AC C60404AB 
  DC6F3C63 5288233C 39116C32 F98EA05D 09C169EC 1C69F79B A56114DE D94A42C0 
  65D95334 A9A17C2B 675178DD 13CBC094 24B5584F F519B6C2 71363218 79B13B1D 
  946DCD77 1BA20ED4 DD020301 0001A363 3061301D 0603551D 0E041604 149BFB73 
  0D4603EC D8FCC891 F6E95BA4 F3EBF3A5 FB300F06 03551D13 0101FF04 05300301 
  01FF301F 0603551D 23041830 1680149B FB730D46 03ECD8FC C891F6E9 5BA4F3EB 
  F3A5FB30 0E060355 1D0F0101 FF040403 02018630 0D06092A 864886F7 0D01010D 
  05000382 010100A3 29F5F1CC C81F796D C6DFD558 43133CB7 183F3FE5 5F28BECE 
  BC10B7CC 3FFE19B1 5A8B13B6 442A1FD8 4BF380A7 9AFAAFAC E5632DFF E7601197 
  03CF97A8 232311FE DF7DD8D4 D417AA40 C4F1C7A8 A2F2CEBB D37783EA 386FA6DA 
  9C1A09BB 8DDA0ED6 AD47032C EBEEF89A 4DB2FB80 C87A4401 2847EEE6 B4DA3CB7 
  C5C2D0F2 90EC2A2A B17A8D53 D54172F2 D71BFE68 A10A97DB 6194CCCA 76980850 
  7D6A665C A3F7A2F4 49E120B3 635CA67A 63365D6D 23676EF5 E2BC3449 040CAEEE 
  63CDA1BC FA07D68B 2C425BD6 5162B572 5F8D5C05 DC70D275 44FEC7E0 F3F5CFBE 
  08EC56D1 C1E8ACFF 34E60DD4 ABE080BD D0C75384 904C4D74 C9B72EF1 098C6065 
  55FBC666 677A5D
        quit
!
crypto pki certificate pool
 cabundle nvram:Trustpool17.cer
!
crypto pki crl download schedule prepublish 2760
crypto pki crl download schedule retries 15
crypto pki crl download schedule retries interval 180
crypto pki crl download trustpoint sdn-network-infra-iwan
!
performance monitor context IWAN-Context profile application-experience
 exporter destination 172.23.1.15 source Loopback47233 transport udp port 9991 
 traffic-monitor application-response-time class-replace Business-Critical-and-default-tcp-only
 traffic-monitor media class-replace Business-Critical-and-default-udp-only
 traffic-monitor url class-replace Http-class
 traffic-monitor conversation-traffic-stats class-replace Scavenger
!
!
license udi pid ISR4331/K9 sn FDO21480SXF
license accept end user agreement
license boot suite FoundationSuiteK9
diagnostic bootup level minimal
spanning-tree extend system-id
!
!
!
username netvoix privilege 15 secret 5 $1$zB6z$cLOcFpVylGdYY6u38sFEC/
username lairdadmin privilege 15 password 7 03335C3E56152F620618111D11
username waascm privilege 15 secret 5 $1$bAGM$r2h6DuQ77Sa3gFebXwMib.
username napadmin privilege 15 secret 5 $1$rF96$0LysEpNQJFORjMinPC.Qn1
!
redundancy
 mode none
!
crypto ikev2 proposal AES/CBC/256 
 encryption aes-cbc-256
 integrity sha512
 group 14
!
crypto ikev2 policy IKEv2-Policy-1 
 match fvrf any
 proposal AES/CBC/256
 proposal default
!
!
crypto ikev2 profile FVRF-IKEv2-IWAN-TRANSPORT-2
 match fvrf IWAN-TRANSPORT-2
 match certificate CERT-MAP-IWAN-TRANSPORT-2
 authentication remote rsa-sig
 authentication local rsa-sig
 pki trustpoint sdn-network-infra-iwan
!
crypto ikev2 profile FVRF-IKEv2-IWAN-TRANSPORT-1
 match fvrf IWAN-TRANSPORT-1
 match certificate CERT-MAP-IWAN-TRANSPORT-1
 authentication remote rsa-sig
 authentication local rsa-sig
 pki trustpoint sdn-network-infra-iwan
!
crypto ikev2 dpd 40 5 on-demand
crypto ikev2 disconnect-revoked-peers
!
!
!
track 73 ip sla 118 reachability
!
track 74 ip sla 119 reachability
!
track 100 list boolean or
 object 73
 object 74
!
!
!
class-map match-any prm-iwan8#NET-CTRL-MGMT
 match dscp cs2 
 match dscp cs6 
class-map match-any LIVEACTION-CLASS-AVC
 match access-group name LIVEACTION-ACL-AVC
class-map match-any prm-iwan8#SCAVENGER
 match dscp cs1 
class-map match-any prm-iwan8#VOICE
 match dscp ef 
class-map match-any business-critical-and-default
 match protocol attribute category inter-process-rpc
 match protocol attribute category industrial-protocols
 match protocol attribute category net-admin
 match protocol attribute category voice-and-video
 match protocol attribute category email
 match protocol attribute category layer3-over-ip
 match protocol attribute category backup-and-storage
 match protocol attribute category epayement
 match protocol attribute category anonymizers
 match protocol attribute category browsing
 match protocol attribute category software-updates
 match protocol attribute category other
 match protocol attribute category business-and-productivity-tools
 match protocol attribute category trojan
 match protocol attribute category file-sharing
 match protocol attribute category database
class-map match-any prm-biz-relevant-cats
 match protocol attribute category file-sharing
 match protocol attribute category browsing
 match protocol attribute category email
 match protocol attribute category business-and-productivity-tools
 match protocol attribute category database
 match protocol attribute category voice-and-video
 match protocol attribute category net-admin
class-map type inspect match-any INSIDE-TO-OUTSIDE-CLASS
 match protocol ftp
 match protocol tcp
 match protocol udp
 match protocol icmp
class-map type inspect match-any INSPECT-ACL-OUT-CLASS
 match access-group name ACL-RTR-OUT
class-map match-any prm-iwan8#CALL-SIGNALING
 match dscp cs3 
class-map type inspect match-any PASS-ACL-IN-CLASS
 match access-group name ESP-IN
 match access-group name DHCP-IN
 match access-group name GRE-IN
class-map match-any prm-biz-irrelevant-cats
 match protocol attribute category instant-messaging
 match protocol attribute category social-networking
 match protocol attribute category consumer-file-sharing
 match protocol attribute category consumer-messaging
 match protocol attribute category consumer-internet
 match protocol attribute category consumer-streaming
 match protocol attribute category gaming
class-map match-any Scavenger
 match protocol attribute category social-networking
 match protocol attribute category gaming
 match protocol attribute category consumer-internet
 match protocol attribute category consumer-messaging
 match protocol attribute category consumer-streaming
 match protocol attribute category consumer-file-sharing
 match protocol attribute category instant-messaging
class-map match-any LIVEACTION-CLASS-MEDIANET
 match protocol telepresence-media
 match protocol rtp
class-map match-any prm-iwan8#STREAMING-VIDEO
 match dscp af31 
 match dscp af32 
 match dscp af33 
 match dscp cs5 
class-map type inspect match-any PASS-ACL-OUT-CLASS
 match access-group name ESP-OUT
 match access-group name DHCP-OUT
class-map match-any Http-class
 match protocol http
class-map match-any prm-iwan8#INTERACTIVE-VIDEO
 match dscp af41 
 match dscp af42 
 match dscp af43 
 match dscp cs4 
class-map type inspect match-any INSPECT-ACL-IN-CLASS
 match access-group name ACL-RTR-IN
class-map match-any prm-iwan8#CRITICAL-DATA
 match dscp af11 
 match dscp af13 
 match dscp af21 
 match dscp af23 
class-map match-all prm-nbar-12-cls#BROADCAST-VIDEO
 match protocol attribute traffic-class broadcast-video
 match class-map prm-biz-relevant-cats
class-map match-all prm-nbar-12-cls#BULK-DATA
 match protocol attribute traffic-class bulk-data
 match class-map prm-biz-relevant-cats
class-map match-all prm-nbar-12-cls#INTERACTIVE-VIDEO
 match protocol attribute traffic-class real-time-interactive
 match class-map prm-biz-relevant-cats
class-map match-all prm-nbar-12-cls#NETWORK-CONTROL
 match protocol attribute traffic-class network-control
 match class-map prm-biz-relevant-cats
class-map match-all prm-nbar-12-cls#MULTIMEDIA-CONFERENCING
 match protocol attribute traffic-class multimedia-conferencing
 match class-map prm-biz-relevant-cats
class-map match-all Business-Critical-and-default-tcp-only
 match class-map business-critical-and-default
 match access-group name business-critical-and-default-tcp-only
class-map match-all Business-Critical-and-default-udp-only
 match class-map business-critical-and-default
 match access-group name business-critical-and-default-udp-only
class-map match-all prm-nbar-12-cls#VOICE
 match protocol attribute traffic-class voip-telephony
 match class-map prm-biz-relevant-cats
class-map match-all prm-nbar-12-cls#SCAVENGER
 match class-map prm-biz-irrelevant-cats
class-map match-all prm-nbar-12-cls#SIGNALING
 match protocol attribute traffic-class signaling
 match class-map prm-biz-relevant-cats
class-map match-all prm-nbar-12-cls#NETWORK-MANAGEMENT
 match protocol attribute traffic-class ops-admin-mgmt
 match class-map prm-biz-relevant-cats
class-map match-all prm-nbar-12-cls#TRANSACTIONAL-DATA
 match protocol attribute traffic-class transactional-data
 match class-map prm-biz-relevant-cats
class-map match-all prm-nbar-12-cls#MULTIMEDIA-STREAMING
 match protocol attribute traffic-class multimedia-streaming
 match class-map prm-biz-relevant-cats
!
policy-map prm-dscp#iwan-8-id0
 class prm-iwan8#VOICE
  priority level 1
  police cir percent 10
 class prm-iwan8#STREAMING-VIDEO
  bandwidth remaining percent 10 
  random-detect dscp-based
 class prm-iwan8#CALL-SIGNALING
  bandwidth remaining percent 4 
 class prm-iwan8#NET-CTRL-MGMT
  bandwidth remaining percent 5 
 class prm-iwan8#INTERACTIVE-VIDEO
  bandwidth remaining percent 30 
  random-detect dscp-based
 class prm-iwan8#CRITICAL-DATA
  bandwidth remaining percent 25 
 class prm-iwan8#SCAVENGER
  bandwidth remaining percent 1 
 class class-default
  bandwidth remaining percent 25 
  random-detect dscp-based
policy-map prm-dscp#iwan-8-id0#shape#1000.0
 class class-default
  shape average 1000000000   
   service-policy prm-dscp#iwan-8-id0
policy-map type performance-monitor LIVEACTION-POLICY-UNIFIED
 class LIVEACTION-CLASS-MEDIANET
  flow monitor LIVEACTION-FLOWMONITOR-MEDIANET
 class LIVEACTION-CLASS-AVC
  flow monitor LIVEACTION-FLOWMONITOR-AVC
policy-map type inspect INSIDE-TO-OUTSIDE-POLICY
 class type inspect INSIDE-TO-OUTSIDE-CLASS
  inspect
 class class-default
  drop
policy-map type inspect ACL-IN-POLICY
 class type inspect INSPECT-ACL-IN-CLASS
  inspect
 class type inspect PASS-ACL-IN-CLASS
  pass
 class class-default
  drop
policy-map prm-dscp#iwan-8-id1
 class prm-iwan8#VOICE
  priority level 1
  police cir percent 10
 class prm-iwan8#STREAMING-VIDEO
  bandwidth remaining percent 10 
  random-detect dscp-based
 class prm-iwan8#CALL-SIGNALING
  bandwidth remaining percent 4 
 class prm-iwan8#NET-CTRL-MGMT
  bandwidth remaining percent 5 
 class prm-iwan8#INTERACTIVE-VIDEO
  bandwidth remaining percent 30 
  random-detect dscp-based
 class prm-iwan8#CRITICAL-DATA
  bandwidth remaining percent 25 
  random-detect dscp-based
 class prm-iwan8#SCAVENGER
  bandwidth remaining percent 1 
 class class-default
  bandwidth remaining percent 25 
  random-detect dscp-based
policy-map prm-dscp#iwan-8-id1#shape#100.0
 class class-default
  shape average 100000000   
   service-policy prm-dscp#iwan-8-id1
policy-map type inspect ACL-OUT-POLICY
 class type inspect INSPECT-ACL-OUT-CLASS
  inspect
 class type inspect PASS-ACL-OUT-CLASS
  pass
 class class-default
  drop
policy-map prm-nbar-12-cls
 class prm-nbar-12-cls#VOICE
  set dscp ef
 class prm-nbar-12-cls#BROADCAST-VIDEO
  set dscp cs5
 class prm-nbar-12-cls#INTERACTIVE-VIDEO
  set dscp cs4
 class prm-nbar-12-cls#MULTIMEDIA-CONFERENCING
  set dscp af41
 class prm-nbar-12-cls#MULTIMEDIA-STREAMING
  set dscp af31
 class prm-nbar-12-cls#SIGNALING
  set dscp cs3
 class prm-nbar-12-cls#NETWORK-CONTROL
  set dscp cs6
 class prm-nbar-12-cls#NETWORK-MANAGEMENT
  set dscp cs2
 class prm-nbar-12-cls#TRANSACTIONAL-DATA
  set dscp af21
 class prm-nbar-12-cls#BULK-DATA
  set dscp af11
 class prm-nbar-12-cls#SCAVENGER
  set dscp cs1
 class class-default
!
zone security default
zone security OUTSIDE-A
zone security OUTSIDE-B
zone-pair security FROM-ROUTER-A source self destination OUTSIDE-A
 service-policy type inspect ACL-OUT-POLICY
zone-pair security FROM-ROUTER-B source self destination OUTSIDE-B
 service-policy type inspect ACL-OUT-POLICY
zone-pair security IN_OUT-A source default destination OUTSIDE-A
 service-policy type inspect INSIDE-TO-OUTSIDE-POLICY
zone-pair security IN_OUT-B source default destination OUTSIDE-B
 service-policy type inspect INSIDE-TO-OUTSIDE-POLICY
zone-pair security TO-ROUTER-A source OUTSIDE-A destination self
 service-policy type inspect ACL-IN-POLICY
zone-pair security TO-ROUTER-B source OUTSIDE-B destination self
 service-policy type inspect ACL-IN-POLICY
! 
!
!
!
!
!
crypto isakmp keepalive 30 5
!
crypto ipsec security-association replay window-size 1024
!
crypto ipsec transform-set AES256/SHA/TRANSPORT esp-aes 256 esp-sha-hmac 
 mode transport
!
crypto ipsec profile DMVPN-PROFILE-TRANSPORT-1
 set transform-set AES256/SHA/TRANSPORT 
 set ikev2-profile FVRF-IKEv2-IWAN-TRANSPORT-1
!
crypto ipsec profile DMVPN-PROFILE-TRANSPORT-2
 set transform-set AES256/SHA/TRANSPORT 
 set ikev2-profile FVRF-IKEv2-IWAN-TRANSPORT-2
!
!
!
!
!
!
! 
! 
!
!
interface Loopback47233
 ip address 10.253.8.156 255.255.255.255
 ip pim sparse-mode
 hold-queue 1024 in
 hold-queue 1024 out
!
interface Tunnel11
 bandwidth 1000000
 ip flow monitor LIVEACTION-FLOWMONITOR input
 ip flow monitor LIVEACTION-FLOWMONITOR output
 ip address 10.253.2.150 255.255.254.0
 no ip redirects
 ip mtu 1400
 ip pim dr-priority 0
 ip pim nbma-mode
 ip pim sparse-mode
 ip nhrp authentication cisco123
 ip nhrp network-id 101
 ip nhrp nhs 10.253.2.1 nbma 173.252.189.171 multicast
 ip nhrp nhs 10.253.2.127 nbma 173.95.8.22 multicast
 ip tcp adjust-mss 1360
 delay 1000
 nhrp group prm-1000Mbps
 no nhrp route-watch
 tunnel source GigabitEthernet0/0/1
 tunnel mode gre multipoint
 tunnel key 101
 tunnel vrf IWAN-TRANSPORT-1
 tunnel protection ipsec profile DMVPN-PROFILE-TRANSPORT-1
 service-policy type performance-monitor input LIVEACTION-POLICY-UNIFIED
 service-policy type performance-monitor output LIVEACTION-POLICY-UNIFIED
!
interface Tunnel13
 bandwidth 100000
 ip flow monitor LIVEACTION-FLOWMONITOR input
 ip flow monitor LIVEACTION-FLOWMONITOR output
 ip address 10.253.0.20 255.255.254.0
 no ip redirects
 ip mtu 1400
 ip pim dr-priority 0
 ip pim nbma-mode
 ip pim sparse-mode
 ip nhrp authentication cisco123
 ip nhrp network-id 102
 ip nhrp nhs 10.253.0.1 nbma 74.205.252.81 multicast
 ip nhrp nhs 10.253.0.46 nbma 207.243.253.44 multicast
 ip tcp adjust-mss 1360
 delay 2000
 nhrp group prm-100Mbps
 no nhrp route-watch
 tunnel source GigabitEthernet0/0/0
 tunnel mode gre multipoint
 tunnel key 102
 tunnel vrf IWAN-TRANSPORT-2
 tunnel protection ipsec profile DMVPN-PROFILE-TRANSPORT-2
 service-policy type performance-monitor input LIVEACTION-POLICY-UNIFIED
 service-policy type performance-monitor output LIVEACTION-POLICY-UNIFIED
!
interface GigabitEthernet0/0/0
 description Internet Connection ISP-A
 bandwidth 100000
 ip vrf forwarding IWAN-TRANSPORT-2
 ip address 207.243.253.42 255.255.255.248
 no ip redirects
 no ip unreachables
 no ip proxy-arp
 ip nat outside
 umbrella out
 ip policy route-map INET-INTERNAL
 negotiation auto
 no cdp enable
 no mop enabled
 no lldp transmit
 no lldp receive
 service-policy output prm-dscp#iwan-8-id1#shape#100.0
!
interface GigabitEthernet0/0/1
 description Internet Connection ISP-B
 bandwidth 1000000
 ip vrf forwarding IWAN-TRANSPORT-1
 ip address 173.95.8.19 255.255.255.240
 no ip redirects
 no ip unreachables
 no ip proxy-arp
 ip nat outside
 umbrella out
 ip policy route-map INET-INTERNAL
 negotiation auto
 no cdp enable
 no mop enabled
 no lldp transmit
 no lldp receive
 service-policy output prm-dscp#iwan-8-id0#shape#1000.0
!
interface GigabitEthernet0/0/2
 no ip address
 negotiation auto
!
interface GigabitEthernet0/0/2.1
 description Data
 encapsulation dot1Q 1 native
 ip flow monitor LIVEACTION-FLOWMONITOR input
 ip flow monitor LIVEACTION-FLOWMONITOR output
 ip address 172.26.102.1 255.255.255.128
 ip nat inside
 ip pim sparse-mode
 umbrella in Data
 performance monitor context IWAN-Context 
 service-policy input prm-nbar-12-cls
!
interface GigabitEthernet0/0/2.2
 description Voice & Video
 encapsulation dot1Q 2
 ip flow monitor LIVEACTION-FLOWMONITOR input
 ip flow monitor LIVEACTION-FLOWMONITOR output
 ip address 172.26.102.129 255.255.255.128
 ip nat inside
 ip pim sparse-mode
 umbrella in Voice
 performance monitor context IWAN-Context 
 service-policy input prm-nbar-12-cls
!
interface GigabitEthernet0/0/2.3
 description Wireless
 encapsulation dot1Q 3
 ip flow monitor LIVEACTION-FLOWMONITOR input
 ip flow monitor LIVEACTION-FLOWMONITOR output
 ip address 172.26.103.1 255.255.255.128
 ip nat inside
 ip pim sparse-mode
 umbrella in Wireless
 performance monitor context IWAN-Context 
 service-policy input prm-nbar-12-cls
!
interface GigabitEthernet0/0/2.4
 description Guest
 encapsulation dot1Q 4
 ip flow monitor LIVEACTION-FLOWMONITOR input
 ip flow monitor LIVEACTION-FLOWMONITOR output
 ip address 172.26.103.129 255.255.255.128
 ip nat inside
 ip pim sparse-mode
 umbrella in Guest
 performance monitor context IWAN-Context 
 service-policy input prm-nbar-12-cls
!
interface GigabitEthernet0
 vrf forwarding Mgmt-intf
 no ip address
 shutdown
 negotiation auto
!
!
router eigrp IWAN-EIGRP
 !
 address-family ipv4 unicast autonomous-system 400
  !
  af-interface default
   passive-interface
  exit-af-interface
  !
  af-interface Tunnel13
   authentication mode md5
   authentication key-chain WAN-KEY
   hello-interval 20
   hold-time 60
   no passive-interface
   stub-site wan-interface
  exit-af-interface
  !
  af-interface Tunnel11
   authentication mode md5
   authentication key-chain WAN-KEY
   hello-interval 20
   hold-time 60
   no passive-interface
   stub-site wan-interface
  exit-af-interface
  !
  topology base
   distribute-list route-map DMVPN2-BR-IN in Tunnel13
   distribute-list route-map DMVPN1-BR-IN in Tunnel11
  exit-af-topology
  network 10.253.0.0 0.0.1.255
  network 10.253.2.0 0.0.1.255
  network 10.253.8.156 0.0.0.0
  network 172.26.102.0 0.0.0.127
  network 172.26.102.128 0.0.0.127
  network 172.26.103.0 0.0.0.127
  network 172.26.103.128 0.0.0.127
  eigrp router-id 10.253.8.156
  eigrp stub-site 1:5
 exit-address-family
!
no ip nat service sip tcp port 5060
no ip nat service sip udp port 5060
ip nat inside source route-map ISP-A interface GigabitEthernet0/0/0 overload
ip nat inside source route-map ISP-B interface GigabitEthernet0/0/1 overload
ip forward-protocol nd
ip ftp source-interface GigabitEthernet0/0/2
no ip http server
no ip http secure-server
ip tftp source-interface GigabitEthernet0/0/2.1
ip route 0.0.0.0 0.0.0.0 GigabitEthernet0/0/1 173.95.8.17 10
ip route 0.0.0.0 0.0.0.0 GigabitEthernet0/0/0 207.243.253.41 15
ip route vrf IWAN-TRANSPORT-1 0.0.0.0 0.0.0.0 173.95.8.17
ip route vrf IWAN-TRANSPORT-2 0.0.0.0 0.0.0.0 207.243.253.41
ip pim autorp listener
ip pim register-source Loopback47233
!
ip ssh source-interface Loopback47233
ip ssh version 2
!
!
ip prefix-list SITE-PREFIXES seq 5 permit 172.26.102.128/25
ip prefix-list SITE-PREFIXES seq 10 permit 172.26.103.0/25
ip prefix-list SITE-PREFIXES seq 15 permit 172.26.103.128/25
ip prefix-list SITE-PREFIXES seq 20 permit 172.26.102.0/25
ip radius source-interface Loopback47233 
!
ip access-list standard SNMP_ACL
 permit 173.252.189.173
 permit 173.252.189.164
 permit 173.95.8.19
 permit 172.20.0.0 0.0.255.255
 permit 172.21.0.0 0.0.255.255
 permit 172.17.0.0 0.0.255.255
 permit 162.255.136.224 0.0.0.31
 permit 172.23.0.0 0.0.255.255
ip access-list standard SSH_IN
 permit 12.35.51.5
 permit 173.252.189.173
 permit 173.252.189.164
 permit 173.95.8.19
 permit 172.20.0.0 0.0.255.255
 permit 172.21.0.0 0.0.255.255
 permit 172.17.0.0 0.0.255.255
 permit 162.255.136.224 0.0.0.31
 permit 172.23.0.0 0.0.255.255
 permit 192.168.0.0 0.0.255.255
 permit 172.26.0.0 0.0.255.255
 permit 10.254.88.0 0.0.3.255
 permit 10.254.92.0 0.0.3.254
!
ip access-list extended ACL-INET-PUBLIC
 permit udp any any eq non500-isakmp
 permit udp any any eq isakmp
 permit esp any any
 permit udp any any eq bootpc
 permit icmp any any echo
 permit icmp any any echo-reply
 permit ip host 173.252.189.173 any
ip access-list extended ACL-RTR-IN
 permit udp any any eq non500-isakmp
 permit udp any any eq isakmp
 permit icmp any any echo
 permit icmp any any echo-reply
 permit icmp any any ttl-exceeded
 permit icmp any any port-unreachable
 permit udp any any gt 1023 ttl eq 1
 permit tcp 162.255.136.224 0.0.0.31 any eq 22
 permit tcp host 162.233.248.65 any eq 22
 permit tcp host 173.252.189.164 any eq 22
 permit tcp host 74.205.252.70 any eq 22
 permit tcp host 73.46.174.173 any eq 22
 permit tcp host 173.95.8.19 any eq 22
ip access-list extended ACL-RTR-OUT
 permit udp any any eq non500-isakmp
 permit udp any any eq isakmp
 permit icmp any any
 permit udp any any eq domain
 permit ip any host 173.252.189.173
 permit udp any host 67.215.92.210 eq 443
 permit tcp any host 67.215.92.210 eq 443
 permit tcp any host 208.67.222.222 eq domain
 permit tcp any host 208.67.220.220 eq domain
ip access-list extended DHCP-IN
 permit udp any eq bootps any eq bootpc
ip access-list extended DHCP-OUT
 permit udp any eq bootpc any eq bootps
ip access-list extended ESP-IN
 permit esp any any
ip access-list extended ESP-OUT
 permit esp any any
ip access-list extended GRE-IN
 permit gre any any
ip access-list extended INTERNAL-NETS
 permit ip any 172.26.102.0 0.0.0.127
 permit ip any 172.26.102.128 0.0.0.127
 permit ip any 172.26.103.0 0.0.0.127
 permit ip any 172.26.103.128 0.0.0.127
ip access-list extended LIVEACTION-ACL-AVC
 permit tcp any any
ip access-list extended NAT
 permit ip 172.26.102.0 0.0.0.127 any
 permit ip 172.26.102.128 0.0.0.127 any
 permit ip 172.26.103.0 0.0.0.127 any
 permit ip 172.26.103.128 0.0.0.127 any
ip access-list extended business-critical-and-default-tcp-only
 permit tcp any any
ip access-list extended business-critical-and-default-udp-only
 permit udp any any
ip access-list extended tac-cap-multi
 permit ip any host 172.20.10.31
 permit ip host 172.20.10.31 any
 permit ip any host 172.26.102.11
 permit ip host 172.26.102.11 any
 permit ip any host 172.20.10.34
 permit ip host 172.20.10.34 any
ip sla 118
 dns d.root-servers.net name-server 199.7.91.13
 vrf IWAN-TRANSPORT-1
 threshold 1000
 timeout 3000
 frequency 15
ip sla schedule 118 life forever start-time now
ip sla 119
 dns b.root-servers.net name-server 192.228.79.201
 vrf IWAN-TRANSPORT-1
 threshold 1000
 timeout 3000
 frequency 15
ip sla schedule 119 life forever start-time now
no service-routing capabilities-manager
logging host 172.23.1.15
logging host 172.23.1.17
logging host 172.23.1.16
access-list 80 permit 172.26.102.0 0.0.0.127
access-list 80 permit 172.26.102.128 0.0.0.127
access-list 80 permit 172.26.103.0 0.0.0.127
access-list 80 permit 172.26.103.128 0.0.0.127
!
!
route-map ISP-B permit 10 
 match ip address NAT
 match interface GigabitEthernet0/0/1
!
route-map ISP-A permit 10 
 match ip address NAT
 match interface GigabitEthernet0/0/0
!
route-map INET-INTERNAL permit 10 
 description Return routing for Local Internet Access
 match ip address INTERNAL-NETS
 set global
!
route-map DMVPN2-BR-IN permit 5 
 match tag 201
 set metric +4000000000
!
route-map DMVPN2-BR-IN permit 10 
!
route-map DMVPN1-BR-IN permit 5 
 match tag 101
 set metric +4000000000
!
route-map DMVPN1-BR-IN permit 10 
!
snmp-server community lppbisnmp-ro RO SNMP_ACL
snmp-server community lppbisnmp-rw RW SNMP_ACL
snmp-server community lppbisnmp RO SNMP_ACL
snmp-server trap-source Loopback47233
snmp-server enable traps pki
snmp-server host 172.23.1.15 lppbisnmp-ro 
snmp-server host 172.23.1.16 lppbisnmp-ro 
snmp-server host 172.23.1.17 lppbisnmp-ro 
snmp-server host 172.23.1.15 lppbisnmp-rw 
snmp ifmib ifindex persist
!
!
radius-server attribute 6 on-for-login-auth
radius-server attribute 6 support-multiple
radius-server attribute 8 include-in-access-req
radius-server attribute 25 access-request include
radius-server attribute 31 mac format ietf upper-case
radius-server attribute 31 send nas-port-detail mac-only
radius-server dead-criteria time 10 tries 3
radius-server deadtime 15
!
radius server MS-NPS1
 address ipv4 172.20.10.42 auth-port 1812 acct-port 1813
 timeout 60
 retransmit 10
 key 7 10411920373A380828537C6F3C
!
radius server MS-NPS2
 address ipv4 172.21.10.41 auth-port 1812 acct-port 1813
 timeout 60
 retransmit 10
 key 7 09435E302B283D112F5B526E33
!
!
control-plane
!
banner login ^C

           *       This is a controlled access system with login        *
           *  restricted to those with proper authorization. Authorized *
           *  parties are limited to those functions which have been    *
           *  assigned to perform work related duties. Any unauthorized *
           *  access attempt will be investigated and prosecuted to the *
           *  full extent of the law.                                   *
           *  --------------------------------------------------------  *
           *            YOUR IP ADDRESS HAS BEEN CAPTURED               *
           *  --------------------------------------------------------  *
           *    If you are not an authorized user, disconnect now.      *
                   
^C
!
line con 0
 logging synchronous
 transport input none
 stopbits 1
line aux 0
 stopbits 1
line vty 0 4
 access-class SSH_IN in vrf-also
 exec-timeout 90 0
 privilege level 15
 logging synchronous
 login authentication LOGIN-AUTH-VTY
 transport input ssh
 transport output ssh
line vty 5 15
 access-class SSH_IN in vrf-also
 exec-timeout 90 0
 privilege level 15
 logging synchronous
 login authentication LOGIN-AUTH-VTY
 transport input ssh
 transport output ssh
!
ntp source Loopback47233
ntp server 172.23.1.10
ntp server 172.23.1.11
ntp server 173.252.189.173
!
!
!
!
event manager applet DISABLE-IWAN-DIA-DEFAULT
 description ISP Black hole Detection - IPSLA DNS
 event track 100 state down
 action 1  cli command "enable"
 action 2  cli command "configure terminal"
 action 3  cli command "no ip route 0.0.0.0 0.0.0.0 GigabitEthernet0/0/1 173.95.8.17 10"
 action 4  cli command "end"
 action 99 syslog msg "IWAN DIA DEFAULT IP ROUTE via GIG0/0/1 DISABLED"
event manager applet ENABLE-IWAN-DIA-DEFAULT
 description ISP Black hole Detection - IPSLA DNS
 event track 100 state up
 action 1  cli command "enable"
 action 2  cli command "configure terminal"
 action 3  cli command "ip route 0.0.0.0 0.0.0.0 GigabitEthernet0/0/1 173.95.8.17 10"
 action 4  cli command "end"
 action 99 syslog msg "IWAN DIA DEFAULT IP ROUTE via GIG0/0/1 ENABLED"
!
!
!
pnp profile IWAN-PNP-PROFILE
 transport https ipv4 173.252.189.173 port 443
end

